============================================================================================== 
Warning! Mixing Conda and module environments may lead to corruption of the
user environment. 
We do not recommend users mixing those two environments unless absolutely
necessary. Note that 
SURF does not provide any support for Conda environment.
For more information, please refer to our software policy page:
https://servicedesk.surf.nl/wiki/display/WIKI/Software+policy+Snellius+and+Lisa#SoftwarepolicySnelliusandLisa-UseofAnacondaandMinicondaenvironmentsonSnellius 

Remember that many packages have already been installed on the system and can
be loaded using 
the 'module load <package__name>' command. If you are uncertain if a package is
already available 
on the system, please use 'module avail' or 'module spider' to search for it.
============================================================================================== 
downloading raw files from: https://github.com/divelab/DIG_storage/raw/main/fairgraph/datasets/nba/
Downloading https://github.com/divelab/DIG_storage/raw/main/fairgraph/datasets/nba/nba.csv
Downloading https://github.com/divelab/DIG_storage/raw/main/fairgraph/datasets/nba/nba_relationship.txt
Downloading https://github.com/divelab/DIG_storage/raw/main/fairgraph/datasets/nba/nba.embedding
Loading nba dataset from /gpfs/home5/igardner/DIG_FACT/examples/fairgraph/Graphair/dataset/nba/nba.csv
/gpfs/home5/igardner/thesis/env/dig/lib/python3.8/site-packages/dig/fairgraph/utils/utils.py:12: UserWarning: torch.sparse.SparseTensor(indices, values, shape, *, device=) is deprecated.  Please use torch.sparse_coo_tensor(indices, values, shape, dtype=, device=). (Triggered internally at ../torch/csrc/utils/tensor_new.cpp:605.)
  pyt_sp_mx = torch.sparse.FloatTensor(torch.LongTensor(coords.T),
Epoch: 0001 sens loss: 0.7059 contrastive loss: 6.9039 edge reconstruction loss: 0.6763 feature reconstruction loss: 0.3765
Epoch: 0002 sens loss: 0.7041 contrastive loss: 6.8719 edge reconstruction loss: 0.6607 feature reconstruction loss: 0.3715
Epoch: 0003 sens loss: 0.7039 contrastive loss: 6.8709 edge reconstruction loss: 0.6506 feature reconstruction loss: 0.3756
Epoch: 0004 sens loss: 0.7034 contrastive loss: 6.8782 edge reconstruction loss: 0.6410 feature reconstruction loss: 0.3773
Epoch: 0005 sens loss: 0.7027 contrastive loss: 6.8557 edge reconstruction loss: 0.6265 feature reconstruction loss: 0.3767
Epoch: 0006 sens loss: 0.7023 contrastive loss: 6.8708 edge reconstruction loss: 0.6178 feature reconstruction loss: 0.3694
Epoch: 0007 sens loss: 0.7010 contrastive loss: 6.8688 edge reconstruction loss: 0.6078 feature reconstruction loss: 0.3719
Epoch: 0008 sens loss: 0.7008 contrastive loss: 6.8702 edge reconstruction loss: 0.6010 feature reconstruction loss: 0.3743
Epoch: 0009 sens loss: 0.6993 contrastive loss: 6.8463 edge reconstruction loss: 0.5878 feature reconstruction loss: 0.3773
Epoch: 0010 sens loss: 0.6997 contrastive loss: 6.8436 edge reconstruction loss: 0.5812 feature reconstruction loss: 0.3735
Epoch: 0011 sens loss: 0.6987 contrastive loss: 6.8290 edge reconstruction loss: 0.5726 feature reconstruction loss: 0.3729
Epoch: 0012 sens loss: 0.6982 contrastive loss: 6.8597 edge reconstruction loss: 0.5705 feature reconstruction loss: 0.3730
Epoch: 0013 sens loss: 0.6969 contrastive loss: 6.8452 edge reconstruction loss: 0.5605 feature reconstruction loss: 0.3727
Epoch: 0014 sens loss: 0.6973 contrastive loss: 6.8512 edge reconstruction loss: 0.5568 feature reconstruction loss: 0.3721
Epoch: 0015 sens loss: 0.6964 contrastive loss: 6.8491 edge reconstruction loss: 0.5510 feature reconstruction loss: 0.3749
Epoch: 0016 sens loss: 0.6955 contrastive loss: 6.8206 edge reconstruction loss: 0.5469 feature reconstruction loss: 0.3734
Epoch: 0017 sens loss: 0.6956 contrastive loss: 6.8156 edge reconstruction loss: 0.5421 feature reconstruction loss: 0.3725
Epoch: 0018 sens loss: 0.6946 contrastive loss: 6.8472 edge reconstruction loss: 0.5371 feature reconstruction loss: 0.3748
Epoch: 0019 sens loss: 0.6946 contrastive loss: 6.8500 edge reconstruction loss: 0.5334 feature reconstruction loss: 0.3733
Epoch: 0020 sens loss: 0.6930 contrastive loss: 6.8337 edge reconstruction loss: 0.5314 feature reconstruction loss: 0.3736
Epoch: 0021 sens loss: 0.6924 contrastive loss: 6.8483 edge reconstruction loss: 0.5254 feature reconstruction loss: 0.3754
Epoch: 0022 sens loss: 0.6917 contrastive loss: 6.8664 edge reconstruction loss: 0.5251 feature reconstruction loss: 0.3757
Epoch: 0023 sens loss: 0.6910 contrastive loss: 6.8229 edge reconstruction loss: 0.5194 feature reconstruction loss: 0.3753
Epoch: 0024 sens loss: 0.6904 contrastive loss: 6.8127 edge reconstruction loss: 0.5168 feature reconstruction loss: 0.3708
Epoch: 0025 sens loss: 0.6899 contrastive loss: 6.8397 edge reconstruction loss: 0.5144 feature reconstruction loss: 0.3726
Epoch: 0026 sens loss: 0.6891 contrastive loss: 6.8078 edge reconstruction loss: 0.5128 feature reconstruction loss: 0.3738
Epoch: 0027 sens loss: 0.6886 contrastive loss: 6.8129 edge reconstruction loss: 0.5089 feature reconstruction loss: 0.3753
Epoch: 0028 sens loss: 0.6881 contrastive loss: 6.7950 edge reconstruction loss: 0.5073 feature reconstruction loss: 0.3751
Epoch: 0029 sens loss: 0.6874 contrastive loss: 6.8176 edge reconstruction loss: 0.5046 feature reconstruction loss: 0.3728
Epoch: 0030 sens loss: 0.6868 contrastive loss: 6.8041 edge reconstruction loss: 0.5037 feature reconstruction loss: 0.3718
Epoch: 0031 sens loss: 0.6859 contrastive loss: 6.8100 edge reconstruction loss: 0.5016 feature reconstruction loss: 0.3725
Epoch: 0032 sens loss: 0.6861 contrastive loss: 6.8188 edge reconstruction loss: 0.4987 feature reconstruction loss: 0.3721
Epoch: 0033 sens loss: 0.6853 contrastive loss: 6.8344 edge reconstruction loss: 0.4971 feature reconstruction loss: 0.3722
Epoch: 0034 sens loss: 0.6848 contrastive loss: 6.7881 edge reconstruction loss: 0.4948 feature reconstruction loss: 0.3770
Epoch: 0035 sens loss: 0.6846 contrastive loss: 6.7868 edge reconstruction loss: 0.4930 feature reconstruction loss: 0.3737
Epoch: 0036 sens loss: 0.6832 contrastive loss: 6.7977 edge reconstruction loss: 0.4911 feature reconstruction loss: 0.3741
Epoch: 0037 sens loss: 0.6826 contrastive loss: 6.7892 edge reconstruction loss: 0.4900 feature reconstruction loss: 0.3733
Epoch: 0038 sens loss: 0.6814 contrastive loss: 6.7839 edge reconstruction loss: 0.4878 feature reconstruction loss: 0.3703
Epoch: 0039 sens loss: 0.6811 contrastive loss: 6.7939 edge reconstruction loss: 0.4864 feature reconstruction loss: 0.3713
Epoch: 0040 sens loss: 0.6806 contrastive loss: 6.7796 edge reconstruction loss: 0.4852 feature reconstruction loss: 0.3666
Epoch: 0041 sens loss: 0.6807 contrastive loss: 6.7968 edge reconstruction loss: 0.4834 feature reconstruction loss: 0.3729
Epoch: 0042 sens loss: 0.6791 contrastive loss: 6.7932 edge reconstruction loss: 0.4823 feature reconstruction loss: 0.3713
Epoch: 0043 sens loss: 0.6793 contrastive loss: 6.7903 edge reconstruction loss: 0.4804 feature reconstruction loss: 0.3729
Epoch: 0044 sens loss: 0.6782 contrastive loss: 6.7923 edge reconstruction loss: 0.4793 feature reconstruction loss: 0.3734
Epoch: 0045 sens loss: 0.6778 contrastive loss: 6.7895 edge reconstruction loss: 0.4782 feature reconstruction loss: 0.3747
Epoch: 0046 sens loss: 0.6760 contrastive loss: 6.7716 edge reconstruction loss: 0.4767 feature reconstruction loss: 0.3729
Epoch: 0047 sens loss: 0.6773 contrastive loss: 6.7907 edge reconstruction loss: 0.4756 feature reconstruction loss: 0.3762
Epoch: 0048 sens loss: 0.6758 contrastive loss: 6.7856 edge reconstruction loss: 0.4743 feature reconstruction loss: 0.3755
Epoch: 0049 sens loss: 0.6741 contrastive loss: 6.7791 edge reconstruction loss: 0.4730 feature reconstruction loss: 0.3743
Epoch: 0050 sens loss: 0.6741 contrastive loss: 6.7780 edge reconstruction loss: 0.4721 feature reconstruction loss: 0.3697
Epoch: 0051 sens loss: 0.6725 contrastive loss: 6.7661 edge reconstruction loss: 0.4711 feature reconstruction loss: 0.3729
Epoch: 0052 sens loss: 0.6737 contrastive loss: 6.7830 edge reconstruction loss: 0.4701 feature reconstruction loss: 0.3756
Epoch: 0053 sens loss: 0.6724 contrastive loss: 6.7873 edge reconstruction loss: 0.4691 feature reconstruction loss: 0.3716
Epoch: 0054 sens loss: 0.6709 contrastive loss: 6.7804 edge reconstruction loss: 0.4674 feature reconstruction loss: 0.3728
Epoch: 0055 sens loss: 0.6694 contrastive loss: 6.7646 edge reconstruction loss: 0.4673 feature reconstruction loss: 0.3720
Epoch: 0056 sens loss: 0.6686 contrastive loss: 6.7835 edge reconstruction loss: 0.4659 feature reconstruction loss: 0.3724
Epoch: 0057 sens loss: 0.6680 contrastive loss: 6.7687 edge reconstruction loss: 0.4652 feature reconstruction loss: 0.3724
Epoch: 0058 sens loss: 0.6672 contrastive loss: 6.7776 edge reconstruction loss: 0.4636 feature reconstruction loss: 0.3714
Epoch: 0059 sens loss: 0.6656 contrastive loss: 6.7795 edge reconstruction loss: 0.4635 feature reconstruction loss: 0.3708
Epoch: 0060 sens loss: 0.6659 contrastive loss: 6.7626 edge reconstruction loss: 0.4618 feature reconstruction loss: 0.3711
Epoch: 0061 sens loss: 0.6649 contrastive loss: 6.7559 edge reconstruction loss: 0.4610 feature reconstruction loss: 0.3705
Epoch: 0062 sens loss: 0.6638 contrastive loss: 6.7688 edge reconstruction loss: 0.4597 feature reconstruction loss: 0.3701
Epoch: 0063 sens loss: 0.6634 contrastive loss: 6.7610 edge reconstruction loss: 0.4593 feature reconstruction loss: 0.3729
Epoch: 0064 sens loss: 0.6627 contrastive loss: 6.7610 edge reconstruction loss: 0.4586 feature reconstruction loss: 0.3699
Epoch: 0065 sens loss: 0.6628 contrastive loss: 6.7617 edge reconstruction loss: 0.4576 feature reconstruction loss: 0.3707
Epoch: 0066 sens loss: 0.6607 contrastive loss: 6.7613 edge reconstruction loss: 0.4565 feature reconstruction loss: 0.3760
Epoch: 0067 sens loss: 0.6586 contrastive loss: 6.7787 edge reconstruction loss: 0.4557 feature reconstruction loss: 0.3728
Epoch: 0068 sens loss: 0.6580 contrastive loss: 6.7571 edge reconstruction loss: 0.4548 feature reconstruction loss: 0.3697
Epoch: 0069 sens loss: 0.6578 contrastive loss: 6.7566 edge reconstruction loss: 0.4538 feature reconstruction loss: 0.3721
Epoch: 0070 sens loss: 0.6574 contrastive loss: 6.7531 edge reconstruction loss: 0.4532 feature reconstruction loss: 0.3719
Epoch: 0071 sens loss: 0.6578 contrastive loss: 6.7570 edge reconstruction loss: 0.4526 feature reconstruction loss: 0.3724
Epoch: 0072 sens loss: 0.6566 contrastive loss: 6.7537 edge reconstruction loss: 0.4520 feature reconstruction loss: 0.3730
Epoch: 0073 sens loss: 0.6555 contrastive loss: 6.7509 edge reconstruction loss: 0.4509 feature reconstruction loss: 0.3722
Epoch: 0074 sens loss: 0.6536 contrastive loss: 6.7476 edge reconstruction loss: 0.4496 feature reconstruction loss: 0.3707
Epoch: 0075 sens loss: 0.6539 contrastive loss: 6.7517 edge reconstruction loss: 0.4491 feature reconstruction loss: 0.3695
Epoch: 0076 sens loss: 0.6538 contrastive loss: 6.7510 edge reconstruction loss: 0.4486 feature reconstruction loss: 0.3739
Epoch: 0077 sens loss: 0.6523 contrastive loss: 6.7619 edge reconstruction loss: 0.4475 feature reconstruction loss: 0.3744
Epoch: 0078 sens loss: 0.6503 contrastive loss: 6.7601 edge reconstruction loss: 0.4466 feature reconstruction loss: 0.3758
Epoch: 0079 sens loss: 0.6502 contrastive loss: 6.7596 edge reconstruction loss: 0.4461 feature reconstruction loss: 0.3718
Epoch: 0080 sens loss: 0.6493 contrastive loss: 6.7482 edge reconstruction loss: 0.4453 feature reconstruction loss: 0.3700
Epoch: 0081 sens loss: 0.6481 contrastive loss: 6.7462 edge reconstruction loss: 0.4444 feature reconstruction loss: 0.3717
Epoch: 0082 sens loss: 0.6470 contrastive loss: 6.7460 edge reconstruction loss: 0.4438 feature reconstruction loss: 0.3715
Epoch: 0083 sens loss: 0.6468 contrastive loss: 6.7489 edge reconstruction loss: 0.4427 feature reconstruction loss: 0.3693
Epoch: 0084 sens loss: 0.6454 contrastive loss: 6.7359 edge reconstruction loss: 0.4421 feature reconstruction loss: 0.3715
Epoch: 0085 sens loss: 0.6454 contrastive loss: 6.7584 edge reconstruction loss: 0.4414 feature reconstruction loss: 0.3719
Epoch: 0086 sens loss: 0.6440 contrastive loss: 6.7371 edge reconstruction loss: 0.4405 feature reconstruction loss: 0.3703
Epoch: 0087 sens loss: 0.6423 contrastive loss: 6.7383 edge reconstruction loss: 0.4397 feature reconstruction loss: 0.3690
Epoch: 0088 sens loss: 0.6418 contrastive loss: 6.7496 edge reconstruction loss: 0.4390 feature reconstruction loss: 0.3702
Epoch: 0089 sens loss: 0.6410 contrastive loss: 6.7369 edge reconstruction loss: 0.4384 feature reconstruction loss: 0.3725
Epoch: 0090 sens loss: 0.6406 contrastive loss: 6.7354 edge reconstruction loss: 0.4378 feature reconstruction loss: 0.3719
Epoch: 0091 sens loss: 0.6396 contrastive loss: 6.7466 edge reconstruction loss: 0.4370 feature reconstruction loss: 0.3731
Epoch: 0092 sens loss: 0.6390 contrastive loss: 6.7370 edge reconstruction loss: 0.4362 feature reconstruction loss: 0.3735
Epoch: 0093 sens loss: 0.6395 contrastive loss: 6.7426 edge reconstruction loss: 0.4352 feature reconstruction loss: 0.3720
Epoch: 0094 sens loss: 0.6382 contrastive loss: 6.7345 edge reconstruction loss: 0.4341 feature reconstruction loss: 0.3728
Epoch: 0095 sens loss: 0.6352 contrastive loss: 6.7337 edge reconstruction loss: 0.4337 feature reconstruction loss: 0.3701
Epoch: 0096 sens loss: 0.6354 contrastive loss: 6.7376 edge reconstruction loss: 0.4332 feature reconstruction loss: 0.3745
Epoch: 0097 sens loss: 0.6365 contrastive loss: 6.7407 edge reconstruction loss: 0.4325 feature reconstruction loss: 0.3763
Epoch: 0098 sens loss: 0.6349 contrastive loss: 6.7336 edge reconstruction loss: 0.4312 feature reconstruction loss: 0.3729
Epoch: 0099 sens loss: 0.6324 contrastive loss: 6.7401 edge reconstruction loss: 0.4304 feature reconstruction loss: 0.3700
Epoch: 0100 sens loss: 0.6321 contrastive loss: 6.7311 edge reconstruction loss: 0.4299 feature reconstruction loss: 0.3703
Epoch: 0101 sens loss: 0.6315 contrastive loss: 6.7349 edge reconstruction loss: 0.4293 feature reconstruction loss: 0.3706
Epoch: 0102 sens loss: 0.6305 contrastive loss: 6.7353 edge reconstruction loss: 0.4285 feature reconstruction loss: 0.3711
Epoch: 0103 sens loss: 0.6310 contrastive loss: 6.7301 edge reconstruction loss: 0.4276 feature reconstruction loss: 0.3696
Epoch: 0104 sens loss: 0.6282 contrastive loss: 6.7270 edge reconstruction loss: 0.4268 feature reconstruction loss: 0.3757
Epoch: 0105 sens loss: 0.6292 contrastive loss: 6.7328 edge reconstruction loss: 0.4258 feature reconstruction loss: 0.3753
Epoch: 0106 sens loss: 0.6274 contrastive loss: 6.7267 edge reconstruction loss: 0.4249 feature reconstruction loss: 0.3716
Epoch: 0107 sens loss: 0.6267 contrastive loss: 6.7307 edge reconstruction loss: 0.4246 feature reconstruction loss: 0.3757
Epoch: 0108 sens loss: 0.6262 contrastive loss: 6.7271 edge reconstruction loss: 0.4237 feature reconstruction loss: 0.3735
Epoch: 0109 sens loss: 0.6255 contrastive loss: 6.7267 edge reconstruction loss: 0.4227 feature reconstruction loss: 0.3729
Epoch: 0110 sens loss: 0.6244 contrastive loss: 6.7292 edge reconstruction loss: 0.4219 feature reconstruction loss: 0.3715
Epoch: 0111 sens loss: 0.6232 contrastive loss: 6.7299 edge reconstruction loss: 0.4212 feature reconstruction loss: 0.3747
Epoch: 0112 sens loss: 0.6219 contrastive loss: 6.7281 edge reconstruction loss: 0.4202 feature reconstruction loss: 0.3749
Epoch: 0113 sens loss: 0.6227 contrastive loss: 6.7292 edge reconstruction loss: 0.4199 feature reconstruction loss: 0.3748
Epoch: 0114 sens loss: 0.6232 contrastive loss: 6.7295 edge reconstruction loss: 0.4190 feature reconstruction loss: 0.3733
Epoch: 0115 sens loss: 0.6212 contrastive loss: 6.7207 edge reconstruction loss: 0.4186 feature reconstruction loss: 0.3737
Epoch: 0116 sens loss: 0.6202 contrastive loss: 6.7227 edge reconstruction loss: 0.4176 feature reconstruction loss: 0.3747
Epoch: 0117 sens loss: 0.6183 contrastive loss: 6.7180 edge reconstruction loss: 0.4168 feature reconstruction loss: 0.3758
Epoch: 0118 sens loss: 0.6204 contrastive loss: 6.7245 edge reconstruction loss: 0.4162 feature reconstruction loss: 0.3787
Epoch: 0119 sens loss: 0.6188 contrastive loss: 6.7176 edge reconstruction loss: 0.4158 feature reconstruction loss: 0.3736
Epoch: 0120 sens loss: 0.6164 contrastive loss: 6.7177 edge reconstruction loss: 0.4151 feature reconstruction loss: 0.3732
Epoch: 0121 sens loss: 0.6196 contrastive loss: 6.7277 edge reconstruction loss: 0.4144 feature reconstruction loss: 0.3796
Epoch: 0122 sens loss: 0.6176 contrastive loss: 6.7250 edge reconstruction loss: 0.4142 feature reconstruction loss: 0.3794
Epoch: 0123 sens loss: 0.6158 contrastive loss: 6.7201 edge reconstruction loss: 0.4137 feature reconstruction loss: 0.3786
Epoch: 0124 sens loss: 0.6165 contrastive loss: 6.7149 edge reconstruction loss: 0.4133 feature reconstruction loss: 0.3767
Epoch: 0125 sens loss: 0.6152 contrastive loss: 6.7149 edge reconstruction loss: 0.4123 feature reconstruction loss: 0.3775
Epoch: 0126 sens loss: 0.6122 contrastive loss: 6.7158 edge reconstruction loss: 0.4125 feature reconstruction loss: 0.3741
Epoch: 0127 sens loss: 0.6141 contrastive loss: 6.7208 edge reconstruction loss: 0.4117 feature reconstruction loss: 0.3771
Epoch: 0128 sens loss: 0.6143 contrastive loss: 6.7133 edge reconstruction loss: 0.4112 feature reconstruction loss: 0.3749
Epoch: 0129 sens loss: 0.6123 contrastive loss: 6.7124 edge reconstruction loss: 0.4110 feature reconstruction loss: 0.3772
Epoch: 0130 sens loss: 0.6131 contrastive loss: 6.7152 edge reconstruction loss: 0.4106 feature reconstruction loss: 0.3795
Epoch: 0131 sens loss: 0.6130 contrastive loss: 6.7202 edge reconstruction loss: 0.4100 feature reconstruction loss: 0.3809
Epoch: 0132 sens loss: 0.6105 contrastive loss: 6.7151 edge reconstruction loss: 0.4099 feature reconstruction loss: 0.3786
Epoch: 0133 sens loss: 0.6095 contrastive loss: 6.7136 edge reconstruction loss: 0.4094 feature reconstruction loss: 0.3806
Epoch: 0134 sens loss: 0.6108 contrastive loss: 6.7133 edge reconstruction loss: 0.4089 feature reconstruction loss: 0.3844
Epoch: 0135 sens loss: 0.6095 contrastive loss: 6.7095 edge reconstruction loss: 0.4087 feature reconstruction loss: 0.3805
Epoch: 0136 sens loss: 0.6087 contrastive loss: 6.7123 edge reconstruction loss: 0.4082 feature reconstruction loss: 0.3799
Epoch: 0137 sens loss: 0.6074 contrastive loss: 6.7083 edge reconstruction loss: 0.4080 feature reconstruction loss: 0.3818
Epoch: 0138 sens loss: 0.6094 contrastive loss: 6.7134 edge reconstruction loss: 0.4077 feature reconstruction loss: 0.3810
Epoch: 0139 sens loss: 0.6075 contrastive loss: 6.7047 edge reconstruction loss: 0.4072 feature reconstruction loss: 0.3824
Epoch: 0140 sens loss: 0.6086 contrastive loss: 6.7115 edge reconstruction loss: 0.4070 feature reconstruction loss: 0.3851
Epoch: 0141 sens loss: 0.6060 contrastive loss: 6.7109 edge reconstruction loss: 0.4066 feature reconstruction loss: 0.3828
Epoch: 0142 sens loss: 0.6068 contrastive loss: 6.7102 edge reconstruction loss: 0.4063 feature reconstruction loss: 0.3846
Epoch: 0143 sens loss: 0.6067 contrastive loss: 6.7145 edge reconstruction loss: 0.4061 feature reconstruction loss: 0.3839
Epoch: 0144 sens loss: 0.6051 contrastive loss: 6.7036 edge reconstruction loss: 0.4055 feature reconstruction loss: 0.3882
Epoch: 0145 sens loss: 0.6051 contrastive loss: 6.7054 edge reconstruction loss: 0.4053 feature reconstruction loss: 0.3868
Epoch: 0146 sens loss: 0.6030 contrastive loss: 6.7068 edge reconstruction loss: 0.4053 feature reconstruction loss: 0.3863
Epoch: 0147 sens loss: 0.6069 contrastive loss: 6.7095 edge reconstruction loss: 0.4050 feature reconstruction loss: 0.3897
Epoch: 0148 sens loss: 0.6040 contrastive loss: 6.7034 edge reconstruction loss: 0.4046 feature reconstruction loss: 0.3882
Epoch: 0149 sens loss: 0.6051 contrastive loss: 6.7087 edge reconstruction loss: 0.4043 feature reconstruction loss: 0.3896
Epoch: 0150 sens loss: 0.6040 contrastive loss: 6.7055 edge reconstruction loss: 0.4037 feature reconstruction loss: 0.3897
Epoch: 0151 sens loss: 0.6035 contrastive loss: 6.7027 edge reconstruction loss: 0.4038 feature reconstruction loss: 0.3883
Epoch: 0152 sens loss: 0.6027 contrastive loss: 6.7037 edge reconstruction loss: 0.4032 feature reconstruction loss: 0.3907
Epoch: 0153 sens loss: 0.6011 contrastive loss: 6.6986 edge reconstruction loss: 0.4030 feature reconstruction loss: 0.3915
Epoch: 0154 sens loss: 0.6038 contrastive loss: 6.7052 edge reconstruction loss: 0.4030 feature reconstruction loss: 0.3984
Epoch: 0155 sens loss: 0.6038 contrastive loss: 6.7048 edge reconstruction loss: 0.4027 feature reconstruction loss: 0.3937
Epoch: 0156 sens loss: 0.6023 contrastive loss: 6.7029 edge reconstruction loss: 0.4023 feature reconstruction loss: 0.3939
Epoch: 0157 sens loss: 0.6024 contrastive loss: 6.7021 edge reconstruction loss: 0.4027 feature reconstruction loss: 0.3974
Epoch: 0158 sens loss: 0.6027 contrastive loss: 6.7047 edge reconstruction loss: 0.4024 feature reconstruction loss: 0.4017
Epoch: 0159 sens loss: 0.6030 contrastive loss: 6.7001 edge reconstruction loss: 0.4021 feature reconstruction loss: 0.4011
Epoch: 0160 sens loss: 0.6026 contrastive loss: 6.7059 edge reconstruction loss: 0.4019 feature reconstruction loss: 0.4006
Epoch: 0161 sens loss: 0.6014 contrastive loss: 6.7010 edge reconstruction loss: 0.4017 feature reconstruction loss: 0.4024
Epoch: 0162 sens loss: 0.6021 contrastive loss: 6.6979 edge reconstruction loss: 0.4017 feature reconstruction loss: 0.4021
Epoch: 0163 sens loss: 0.6021 contrastive loss: 6.7004 edge reconstruction loss: 0.4013 feature reconstruction loss: 0.4046
Epoch: 0164 sens loss: 0.6014 contrastive loss: 6.7009 edge reconstruction loss: 0.4013 feature reconstruction loss: 0.4040
Epoch: 0165 sens loss: 0.6011 contrastive loss: 6.7011 edge reconstruction loss: 0.4008 feature reconstruction loss: 0.4088
Epoch: 0166 sens loss: 0.6010 contrastive loss: 6.6965 edge reconstruction loss: 0.4008 feature reconstruction loss: 0.4071
Epoch: 0167 sens loss: 0.6005 contrastive loss: 6.7019 edge reconstruction loss: 0.4007 feature reconstruction loss: 0.4108
Epoch: 0168 sens loss: 0.6011 contrastive loss: 6.6996 edge reconstruction loss: 0.4003 feature reconstruction loss: 0.4142
Epoch: 0169 sens loss: 0.5998 contrastive loss: 6.6994 edge reconstruction loss: 0.4002 feature reconstruction loss: 0.4117
Epoch: 0170 sens loss: 0.6000 contrastive loss: 6.6965 edge reconstruction loss: 0.4000 feature reconstruction loss: 0.4148
Epoch: 0171 sens loss: 0.6009 contrastive loss: 6.6998 edge reconstruction loss: 0.3999 feature reconstruction loss: 0.4151
Epoch: 0172 sens loss: 0.5986 contrastive loss: 6.6960 edge reconstruction loss: 0.3998 feature reconstruction loss: 0.4157
Epoch: 0173 sens loss: 0.5994 contrastive loss: 6.6991 edge reconstruction loss: 0.3999 feature reconstruction loss: 0.4179
Epoch: 0174 sens loss: 0.5993 contrastive loss: 6.6965 edge reconstruction loss: 0.3998 feature reconstruction loss: 0.4199
Epoch: 0175 sens loss: 0.5992 contrastive loss: 6.6991 edge reconstruction loss: 0.3996 feature reconstruction loss: 0.4218
Epoch: 0176 sens loss: 0.6001 contrastive loss: 6.7024 edge reconstruction loss: 0.3997 feature reconstruction loss: 0.4244
Epoch: 0177 sens loss: 0.5983 contrastive loss: 6.7003 edge reconstruction loss: 0.3996 feature reconstruction loss: 0.4245
Epoch: 0178 sens loss: 0.5978 contrastive loss: 6.6959 edge reconstruction loss: 0.3996 feature reconstruction loss: 0.4263
Epoch: 0179 sens loss: 0.5980 contrastive loss: 6.6947 edge reconstruction loss: 0.3998 feature reconstruction loss: 0.4271
Epoch: 0180 sens loss: 0.5975 contrastive loss: 6.6940 edge reconstruction loss: 0.3999 feature reconstruction loss: 0.4304
Epoch: 0181 sens loss: 0.5977 contrastive loss: 6.6942 edge reconstruction loss: 0.4000 feature reconstruction loss: 0.4292
Epoch: 0182 sens loss: 0.5974 contrastive loss: 6.6960 edge reconstruction loss: 0.3994 feature reconstruction loss: 0.4329
Epoch: 0183 sens loss: 0.5968 contrastive loss: 6.6964 edge reconstruction loss: 0.3990 feature reconstruction loss: 0.4335
Epoch: 0184 sens loss: 0.5976 contrastive loss: 6.6922 edge reconstruction loss: 0.3996 feature reconstruction loss: 0.4384
Epoch: 0185 sens loss: 0.5961 contrastive loss: 6.6985 edge reconstruction loss: 0.3994 feature reconstruction loss: 0.4378
Epoch: 0186 sens loss: 0.5979 contrastive loss: 6.6992 edge reconstruction loss: 0.3998 feature reconstruction loss: 0.4417
Epoch: 0187 sens loss: 0.5966 contrastive loss: 6.6965 edge reconstruction loss: 0.3996 feature reconstruction loss: 0.4421
Epoch: 0188 sens loss: 0.5977 contrastive loss: 6.6954 edge reconstruction loss: 0.4002 feature reconstruction loss: 0.4427
Epoch: 0189 sens loss: 0.5955 contrastive loss: 6.6922 edge reconstruction loss: 0.4001 feature reconstruction loss: 0.4468
Epoch: 0190 sens loss: 0.5966 contrastive loss: 6.6957 edge reconstruction loss: 0.3998 feature reconstruction loss: 0.4468
Epoch: 0191 sens loss: 0.5973 contrastive loss: 6.6963 edge reconstruction loss: 0.3995 feature reconstruction loss: 0.4497
Epoch: 0192 sens loss: 0.5979 contrastive loss: 6.6982 edge reconstruction loss: 0.3996 feature reconstruction loss: 0.4517
Epoch: 0193 sens loss: 0.5960 contrastive loss: 6.6909 edge reconstruction loss: 0.4000 feature reconstruction loss: 0.4554
Epoch: 0194 sens loss: 0.5967 contrastive loss: 6.6946 edge reconstruction loss: 0.3999 feature reconstruction loss: 0.4555
Epoch: 0195 sens loss: 0.5968 contrastive loss: 6.6984 edge reconstruction loss: 0.3995 feature reconstruction loss: 0.4590
Epoch: 0196 sens loss: 0.5966 contrastive loss: 6.6944 edge reconstruction loss: 0.4000 feature reconstruction loss: 0.4590
Epoch: 0197 sens loss: 0.5950 contrastive loss: 6.6914 edge reconstruction loss: 0.4010 feature reconstruction loss: 0.4626
Epoch: 0198 sens loss: 0.5958 contrastive loss: 6.6954 edge reconstruction loss: 0.3994 feature reconstruction loss: 0.4639
Epoch: 0199 sens loss: 0.5971 contrastive loss: 6.6942 edge reconstruction loss: 0.4002 feature reconstruction loss: 0.4673
Epoch: 0200 sens loss: 0.5958 contrastive loss: 6.6937 edge reconstruction loss: 0.4006 feature reconstruction loss: 0.4685
Epoch: 0201 sens loss: 0.5950 contrastive loss: 6.6889 edge reconstruction loss: 0.3997 feature reconstruction loss: 0.4685
Epoch: 0202 sens loss: 0.5944 contrastive loss: 6.6896 edge reconstruction loss: 0.3997 feature reconstruction loss: 0.4695
Epoch: 0203 sens loss: 0.5961 contrastive loss: 6.6955 edge reconstruction loss: 0.3998 feature reconstruction loss: 0.4750
Epoch: 0204 sens loss: 0.5956 contrastive loss: 6.6930 edge reconstruction loss: 0.3999 feature reconstruction loss: 0.4759
Epoch: 0205 sens loss: 0.5958 contrastive loss: 6.6955 edge reconstruction loss: 0.3992 feature reconstruction loss: 0.4804
Epoch: 0206 sens loss: 0.5957 contrastive loss: 6.6903 edge reconstruction loss: 0.3990 feature reconstruction loss: 0.4783
Epoch: 0207 sens loss: 0.5946 contrastive loss: 6.6936 edge reconstruction loss: 0.3986 feature reconstruction loss: 0.4818
Epoch: 0208 sens loss: 0.5948 contrastive loss: 6.6912 edge reconstruction loss: 0.3993 feature reconstruction loss: 0.4847
Epoch: 0209 sens loss: 0.5953 contrastive loss: 6.6920 edge reconstruction loss: 0.3984 feature reconstruction loss: 0.4871
Epoch: 0210 sens loss: 0.5936 contrastive loss: 6.6913 edge reconstruction loss: 0.3986 feature reconstruction loss: 0.4862
Epoch: 0211 sens loss: 0.5936 contrastive loss: 6.6923 edge reconstruction loss: 0.3992 feature reconstruction loss: 0.4873
Epoch: 0212 sens loss: 0.5929 contrastive loss: 6.6958 edge reconstruction loss: 0.3990 feature reconstruction loss: 0.4906
Epoch: 0213 sens loss: 0.5934 contrastive loss: 6.6882 edge reconstruction loss: 0.3991 feature reconstruction loss: 0.4946
Epoch: 0214 sens loss: 0.5938 contrastive loss: 6.6937 edge reconstruction loss: 0.3994 feature reconstruction loss: 0.4960
Epoch: 0215 sens loss: 0.5934 contrastive loss: 6.6889 edge reconstruction loss: 0.4000 feature reconstruction loss: 0.4965
Epoch: 0216 sens loss: 0.5927 contrastive loss: 6.6867 edge reconstruction loss: 0.3998 feature reconstruction loss: 0.5006
Epoch: 0217 sens loss: 0.5918 contrastive loss: 6.6866 edge reconstruction loss: 0.4000 feature reconstruction loss: 0.4997
Epoch: 0218 sens loss: 0.5905 contrastive loss: 6.6877 edge reconstruction loss: 0.3990 feature reconstruction loss: 0.4998
Epoch: 0219 sens loss: 0.5923 contrastive loss: 6.6880 edge reconstruction loss: 0.3987 feature reconstruction loss: 0.5066
Epoch: 0220 sens loss: 0.5893 contrastive loss: 6.6869 edge reconstruction loss: 0.3987 feature reconstruction loss: 0.5029
Epoch: 0221 sens loss: 0.5904 contrastive loss: 6.6867 edge reconstruction loss: 0.3988 feature reconstruction loss: 0.5077
Epoch: 0222 sens loss: 0.5902 contrastive loss: 6.6919 edge reconstruction loss: 0.3985 feature reconstruction loss: 0.5085
Epoch: 0223 sens loss: 0.5878 contrastive loss: 6.6875 edge reconstruction loss: 0.3987 feature reconstruction loss: 0.5096
Epoch: 0224 sens loss: 0.5903 contrastive loss: 6.6869 edge reconstruction loss: 0.3990 feature reconstruction loss: 0.5134
Epoch: 0225 sens loss: 0.5892 contrastive loss: 6.6889 edge reconstruction loss: 0.3985 feature reconstruction loss: 0.5135
Epoch: 0226 sens loss: 0.5880 contrastive loss: 6.6897 edge reconstruction loss: 0.3982 feature reconstruction loss: 0.5133
Epoch: 0227 sens loss: 0.5877 contrastive loss: 6.6892 edge reconstruction loss: 0.3985 feature reconstruction loss: 0.5192
Epoch: 0228 sens loss: 0.5895 contrastive loss: 6.6897 edge reconstruction loss: 0.3990 feature reconstruction loss: 0.5175
Epoch: 0229 sens loss: 0.5863 contrastive loss: 6.6891 edge reconstruction loss: 0.3990 feature reconstruction loss: 0.5180
Epoch: 0230 sens loss: 0.5879 contrastive loss: 6.6892 edge reconstruction loss: 0.3992 feature reconstruction loss: 0.5213
Epoch: 0231 sens loss: 0.5879 contrastive loss: 6.6879 edge reconstruction loss: 0.3984 feature reconstruction loss: 0.5235
Epoch: 0232 sens loss: 0.5865 contrastive loss: 6.6892 edge reconstruction loss: 0.3988 feature reconstruction loss: 0.5235
Epoch: 0233 sens loss: 0.5876 contrastive loss: 6.6916 edge reconstruction loss: 0.3992 feature reconstruction loss: 0.5260
Epoch: 0234 sens loss: 0.5870 contrastive loss: 6.6868 edge reconstruction loss: 0.3987 feature reconstruction loss: 0.5280
Epoch: 0235 sens loss: 0.5865 contrastive loss: 6.6849 edge reconstruction loss: 0.3989 feature reconstruction loss: 0.5268
Epoch: 0236 sens loss: 0.5868 contrastive loss: 6.6853 edge reconstruction loss: 0.3992 feature reconstruction loss: 0.5311
Epoch: 0237 sens loss: 0.5853 contrastive loss: 6.6848 edge reconstruction loss: 0.3989 feature reconstruction loss: 0.5306
Epoch: 0238 sens loss: 0.5842 contrastive loss: 6.6860 edge reconstruction loss: 0.3984 feature reconstruction loss: 0.5326
Epoch: 0239 sens loss: 0.5849 contrastive loss: 6.6846 edge reconstruction loss: 0.3984 feature reconstruction loss: 0.5337
Epoch: 0240 sens loss: 0.5840 contrastive loss: 6.6835 edge reconstruction loss: 0.3985 feature reconstruction loss: 0.5324
Epoch: 0241 sens loss: 0.5845 contrastive loss: 6.6813 edge reconstruction loss: 0.3983 feature reconstruction loss: 0.5363
Epoch: 0242 sens loss: 0.5839 contrastive loss: 6.6804 edge reconstruction loss: 0.3985 feature reconstruction loss: 0.5368
Epoch: 0243 sens loss: 0.5832 contrastive loss: 6.6803 edge reconstruction loss: 0.3984 feature reconstruction loss: 0.5374
Epoch: 0244 sens loss: 0.5824 contrastive loss: 6.6800 edge reconstruction loss: 0.3989 feature reconstruction loss: 0.5379
Epoch: 0245 sens loss: 0.5841 contrastive loss: 6.6778 edge reconstruction loss: 0.3986 feature reconstruction loss: 0.5391
Epoch: 0246 sens loss: 0.5827 contrastive loss: 6.6768 edge reconstruction loss: 0.3991 feature reconstruction loss: 0.5413
Epoch: 0247 sens loss: 0.5825 contrastive loss: 6.6777 edge reconstruction loss: 0.3994 feature reconstruction loss: 0.5430
Epoch: 0248 sens loss: 0.5817 contrastive loss: 6.6784 edge reconstruction loss: 0.3991 feature reconstruction loss: 0.5449
Epoch: 0249 sens loss: 0.5819 contrastive loss: 6.6841 edge reconstruction loss: 0.3988 feature reconstruction loss: 0.5433
Epoch: 0250 sens loss: 0.5816 contrastive loss: 6.6802 edge reconstruction loss: 0.3987 feature reconstruction loss: 0.5489
Epoch: 0251 sens loss: 0.5819 contrastive loss: 6.6732 edge reconstruction loss: 0.3987 feature reconstruction loss: 0.5476
Epoch: 0252 sens loss: 0.5817 contrastive loss: 6.6799 edge reconstruction loss: 0.3988 feature reconstruction loss: 0.5481
Epoch: 0253 sens loss: 0.5804 contrastive loss: 6.6766 edge reconstruction loss: 0.3986 feature reconstruction loss: 0.5492
Epoch: 0254 sens loss: 0.5807 contrastive loss: 6.6744 edge reconstruction loss: 0.3985 feature reconstruction loss: 0.5515
Epoch: 0255 sens loss: 0.5805 contrastive loss: 6.6717 edge reconstruction loss: 0.3982 feature reconstruction loss: 0.5537
Epoch: 0256 sens loss: 0.5808 contrastive loss: 6.6745 edge reconstruction loss: 0.3981 feature reconstruction loss: 0.5543
Epoch: 0257 sens loss: 0.5810 contrastive loss: 6.6755 edge reconstruction loss: 0.3986 feature reconstruction loss: 0.5536
Epoch: 0258 sens loss: 0.5797 contrastive loss: 6.6753 edge reconstruction loss: 0.3991 feature reconstruction loss: 0.5544
Epoch: 0259 sens loss: 0.5805 contrastive loss: 6.6732 edge reconstruction loss: 0.3984 feature reconstruction loss: 0.5561
Epoch: 0260 sens loss: 0.5798 contrastive loss: 6.6726 edge reconstruction loss: 0.3982 feature reconstruction loss: 0.5591
Epoch: 0261 sens loss: 0.5810 contrastive loss: 6.6788 edge reconstruction loss: 0.3985 feature reconstruction loss: 0.5595
Epoch: 0262 sens loss: 0.5785 contrastive loss: 6.6746 edge reconstruction loss: 0.3984 feature reconstruction loss: 0.5590
Epoch: 0263 sens loss: 0.5786 contrastive loss: 6.6723 edge reconstruction loss: 0.3988 feature reconstruction loss: 0.5599
Epoch: 0264 sens loss: 0.5796 contrastive loss: 6.6754 edge reconstruction loss: 0.3984 feature reconstruction loss: 0.5606
Epoch: 0265 sens loss: 0.5788 contrastive loss: 6.6708 edge reconstruction loss: 0.3986 feature reconstruction loss: 0.5624
Epoch: 0266 sens loss: 0.5766 contrastive loss: 6.6759 edge reconstruction loss: 0.3982 feature reconstruction loss: 0.5633
Epoch: 0267 sens loss: 0.5790 contrastive loss: 6.6734 edge reconstruction loss: 0.3984 feature reconstruction loss: 0.5643
Epoch: 0268 sens loss: 0.5784 contrastive loss: 6.6720 edge reconstruction loss: 0.3982 feature reconstruction loss: 0.5637
Epoch: 0269 sens loss: 0.5788 contrastive loss: 6.6719 edge reconstruction loss: 0.3981 feature reconstruction loss: 0.5675
Epoch: 0270 sens loss: 0.5787 contrastive loss: 6.6738 edge reconstruction loss: 0.3982 feature reconstruction loss: 0.5694
Epoch: 0271 sens loss: 0.5782 contrastive loss: 6.6729 edge reconstruction loss: 0.3984 feature reconstruction loss: 0.5681
Epoch: 0272 sens loss: 0.5786 contrastive loss: 6.6712 edge reconstruction loss: 0.3986 feature reconstruction loss: 0.5680
Epoch: 0273 sens loss: 0.5773 contrastive loss: 6.6671 edge reconstruction loss: 0.3985 feature reconstruction loss: 0.5695
Epoch: 0274 sens loss: 0.5774 contrastive loss: 6.6700 edge reconstruction loss: 0.3986 feature reconstruction loss: 0.5717
Epoch: 0275 sens loss: 0.5772 contrastive loss: 6.6714 edge reconstruction loss: 0.3982 feature reconstruction loss: 0.5696
Epoch: 0276 sens loss: 0.5776 contrastive loss: 6.6696 edge reconstruction loss: 0.3982 feature reconstruction loss: 0.5726
Epoch: 0277 sens loss: 0.5783 contrastive loss: 6.6728 edge reconstruction loss: 0.3983 feature reconstruction loss: 0.5738
Epoch: 0278 sens loss: 0.5779 contrastive loss: 6.6690 edge reconstruction loss: 0.3992 feature reconstruction loss: 0.5729
Epoch: 0279 sens loss: 0.5779 contrastive loss: 6.6691 edge reconstruction loss: 0.3983 feature reconstruction loss: 0.5738
Epoch: 0280 sens loss: 0.5786 contrastive loss: 6.6707 edge reconstruction loss: 0.3988 feature reconstruction loss: 0.5753
Epoch: 0281 sens loss: 0.5767 contrastive loss: 6.6733 edge reconstruction loss: 0.3984 feature reconstruction loss: 0.5771
Epoch: 0282 sens loss: 0.5774 contrastive loss: 6.6726 edge reconstruction loss: 0.3982 feature reconstruction loss: 0.5743
Epoch: 0283 sens loss: 0.5771 contrastive loss: 6.6709 edge reconstruction loss: 0.3981 feature reconstruction loss: 0.5780
Epoch: 0284 sens loss: 0.5777 contrastive loss: 6.6689 edge reconstruction loss: 0.3980 feature reconstruction loss: 0.5770
Epoch: 0285 sens loss: 0.5755 contrastive loss: 6.6682 edge reconstruction loss: 0.3984 feature reconstruction loss: 0.5769
Epoch: 0286 sens loss: 0.5761 contrastive loss: 6.6647 edge reconstruction loss: 0.3984 feature reconstruction loss: 0.5772
Epoch: 0287 sens loss: 0.5768 contrastive loss: 6.6718 edge reconstruction loss: 0.3980 feature reconstruction loss: 0.5789
Epoch: 0288 sens loss: 0.5755 contrastive loss: 6.6687 edge reconstruction loss: 0.3980 feature reconstruction loss: 0.5797
Epoch: 0289 sens loss: 0.5762 contrastive loss: 6.6638 edge reconstruction loss: 0.3992 feature reconstruction loss: 0.5786
Epoch: 0290 sens loss: 0.5761 contrastive loss: 6.6688 edge reconstruction loss: 0.3981 feature reconstruction loss: 0.5801
Epoch: 0291 sens loss: 0.5770 contrastive loss: 6.6683 edge reconstruction loss: 0.3984 feature reconstruction loss: 0.5792
Epoch: 0292 sens loss: 0.5769 contrastive loss: 6.6678 edge reconstruction loss: 0.3992 feature reconstruction loss: 0.5813
Epoch: 0293 sens loss: 0.5765 contrastive loss: 6.6679 edge reconstruction loss: 0.3990 feature reconstruction loss: 0.5807
Epoch: 0294 sens loss: 0.5757 contrastive loss: 6.6670 edge reconstruction loss: 0.3992 feature reconstruction loss: 0.5825
Epoch: 0295 sens loss: 0.5758 contrastive loss: 6.6655 edge reconstruction loss: 0.3983 feature reconstruction loss: 0.5817
Epoch: 0296 sens loss: 0.5762 contrastive loss: 6.6657 edge reconstruction loss: 0.3981 feature reconstruction loss: 0.5820
Epoch: 0297 sens loss: 0.5774 contrastive loss: 6.6668 edge reconstruction loss: 0.3980 feature reconstruction loss: 0.5809
Epoch: 0298 sens loss: 0.5757 contrastive loss: 6.6647 edge reconstruction loss: 0.3977 feature reconstruction loss: 0.5829
Epoch: 0299 sens loss: 0.5754 contrastive loss: 6.6683 edge reconstruction loss: 0.3984 feature reconstruction loss: 0.5810
Epoch: 0300 sens loss: 0.5767 contrastive loss: 6.6668 edge reconstruction loss: 0.3979 feature reconstruction loss: 0.5829
Epoch: 0301 sens loss: 0.5759 contrastive loss: 6.6667 edge reconstruction loss: 0.3976 feature reconstruction loss: 0.5863
Epoch: 0302 sens loss: 0.5763 contrastive loss: 6.6648 edge reconstruction loss: 0.3976 feature reconstruction loss: 0.5846
Epoch: 0303 sens loss: 0.5760 contrastive loss: 6.6621 edge reconstruction loss: 0.3981 feature reconstruction loss: 0.5845
Epoch: 0304 sens loss: 0.5762 contrastive loss: 6.6652 edge reconstruction loss: 0.3980 feature reconstruction loss: 0.5848
Epoch: 0305 sens loss: 0.5764 contrastive loss: 6.6647 edge reconstruction loss: 0.3986 feature reconstruction loss: 0.5846
Epoch: 0306 sens loss: 0.5756 contrastive loss: 6.6642 edge reconstruction loss: 0.3982 feature reconstruction loss: 0.5845
Epoch: 0307 sens loss: 0.5756 contrastive loss: 6.6609 edge reconstruction loss: 0.3993 feature reconstruction loss: 0.5840
Epoch: 0308 sens loss: 0.5771 contrastive loss: 6.6634 edge reconstruction loss: 0.3989 feature reconstruction loss: 0.5850
Epoch: 0309 sens loss: 0.5769 contrastive loss: 6.6672 edge reconstruction loss: 0.3986 feature reconstruction loss: 0.5880
Epoch: 0310 sens loss: 0.5755 contrastive loss: 6.6625 edge reconstruction loss: 0.3980 feature reconstruction loss: 0.5846
Epoch: 0311 sens loss: 0.5762 contrastive loss: 6.6646 edge reconstruction loss: 0.3983 feature reconstruction loss: 0.5865
Epoch: 0312 sens loss: 0.5758 contrastive loss: 6.6621 edge reconstruction loss: 0.3985 feature reconstruction loss: 0.5860
Epoch: 0313 sens loss: 0.5760 contrastive loss: 6.6632 edge reconstruction loss: 0.3982 feature reconstruction loss: 0.5874
Epoch: 0314 sens loss: 0.5757 contrastive loss: 6.6609 edge reconstruction loss: 0.3979 feature reconstruction loss: 0.5860
Epoch: 0315 sens loss: 0.5759 contrastive loss: 6.6635 edge reconstruction loss: 0.3980 feature reconstruction loss: 0.5841
Epoch: 0316 sens loss: 0.5766 contrastive loss: 6.6642 edge reconstruction loss: 0.3981 feature reconstruction loss: 0.5860
Epoch: 0317 sens loss: 0.5760 contrastive loss: 6.6626 edge reconstruction loss: 0.3978 feature reconstruction loss: 0.5869
Epoch: 0318 sens loss: 0.5761 contrastive loss: 6.6574 edge reconstruction loss: 0.3986 feature reconstruction loss: 0.5852
Epoch: 0319 sens loss: 0.5745 contrastive loss: 6.6602 edge reconstruction loss: 0.3982 feature reconstruction loss: 0.5854
Epoch: 0320 sens loss: 0.5761 contrastive loss: 6.6608 edge reconstruction loss: 0.3988 feature reconstruction loss: 0.5868
Epoch: 0321 sens loss: 0.5763 contrastive loss: 6.6613 edge reconstruction loss: 0.3988 feature reconstruction loss: 0.5851
Epoch: 0322 sens loss: 0.5756 contrastive loss: 6.6630 edge reconstruction loss: 0.3983 feature reconstruction loss: 0.5873
Epoch: 0323 sens loss: 0.5759 contrastive loss: 6.6629 edge reconstruction loss: 0.3983 feature reconstruction loss: 0.5848
Epoch: 0324 sens loss: 0.5767 contrastive loss: 6.6620 edge reconstruction loss: 0.3976 feature reconstruction loss: 0.5834
Epoch: 0325 sens loss: 0.5759 contrastive loss: 6.6635 edge reconstruction loss: 0.3978 feature reconstruction loss: 0.5836
Epoch: 0326 sens loss: 0.5748 contrastive loss: 6.6634 edge reconstruction loss: 0.3983 feature reconstruction loss: 0.5826
Epoch: 0327 sens loss: 0.5764 contrastive loss: 6.6615 edge reconstruction loss: 0.3984 feature reconstruction loss: 0.5830
Epoch: 0328 sens loss: 0.5751 contrastive loss: 6.6587 edge reconstruction loss: 0.3984 feature reconstruction loss: 0.5820
Epoch: 0329 sens loss: 0.5766 contrastive loss: 6.6615 edge reconstruction loss: 0.3980 feature reconstruction loss: 0.5850
Epoch: 0330 sens loss: 0.5747 contrastive loss: 6.6618 edge reconstruction loss: 0.3982 feature reconstruction loss: 0.5813
Epoch: 0331 sens loss: 0.5762 contrastive loss: 6.6609 edge reconstruction loss: 0.3981 feature reconstruction loss: 0.5808
Epoch: 0332 sens loss: 0.5762 contrastive loss: 6.6619 edge reconstruction loss: 0.3976 feature reconstruction loss: 0.5793
Epoch: 0333 sens loss: 0.5753 contrastive loss: 6.6589 edge reconstruction loss: 0.3979 feature reconstruction loss: 0.5811
Epoch: 0334 sens loss: 0.5770 contrastive loss: 6.6581 edge reconstruction loss: 0.3979 feature reconstruction loss: 0.5810
Epoch: 0335 sens loss: 0.5767 contrastive loss: 6.6635 edge reconstruction loss: 0.3981 feature reconstruction loss: 0.5793
Epoch: 0336 sens loss: 0.5759 contrastive loss: 6.6592 edge reconstruction loss: 0.3978 feature reconstruction loss: 0.5794
Epoch: 0337 sens loss: 0.5758 contrastive loss: 6.6586 edge reconstruction loss: 0.3981 feature reconstruction loss: 0.5793
Epoch: 0338 sens loss: 0.5755 contrastive loss: 6.6578 edge reconstruction loss: 0.3985 feature reconstruction loss: 0.5769
Epoch: 0339 sens loss: 0.5763 contrastive loss: 6.6610 edge reconstruction loss: 0.3983 feature reconstruction loss: 0.5757
Epoch: 0340 sens loss: 0.5759 contrastive loss: 6.6618 edge reconstruction loss: 0.3986 feature reconstruction loss: 0.5748
Epoch: 0341 sens loss: 0.5754 contrastive loss: 6.6576 edge reconstruction loss: 0.3976 feature reconstruction loss: 0.5778
Epoch: 0342 sens loss: 0.5752 contrastive loss: 6.6620 edge reconstruction loss: 0.3980 feature reconstruction loss: 0.5741
Epoch: 0343 sens loss: 0.5753 contrastive loss: 6.6639 edge reconstruction loss: 0.3976 feature reconstruction loss: 0.5748
Epoch: 0344 sens loss: 0.5755 contrastive loss: 6.6600 edge reconstruction loss: 0.3975 feature reconstruction loss: 0.5748
Epoch: 0345 sens loss: 0.5760 contrastive loss: 6.6629 edge reconstruction loss: 0.3978 feature reconstruction loss: 0.5735
Epoch: 0346 sens loss: 0.5753 contrastive loss: 6.6597 edge reconstruction loss: 0.3982 feature reconstruction loss: 0.5717
Epoch: 0347 sens loss: 0.5762 contrastive loss: 6.6630 edge reconstruction loss: 0.3976 feature reconstruction loss: 0.5696
Epoch: 0348 sens loss: 0.5765 contrastive loss: 6.6591 edge reconstruction loss: 0.3978 feature reconstruction loss: 0.5702
Epoch: 0349 sens loss: 0.5780 contrastive loss: 6.6567 edge reconstruction loss: 0.3978 feature reconstruction loss: 0.5690
Epoch: 0350 sens loss: 0.5764 contrastive loss: 6.6591 edge reconstruction loss: 0.3981 feature reconstruction loss: 0.5674
Epoch: 0351 sens loss: 0.5763 contrastive loss: 6.6549 edge reconstruction loss: 0.3981 feature reconstruction loss: 0.5659
Epoch: 0352 sens loss: 0.5769 contrastive loss: 6.6528 edge reconstruction loss: 0.3978 feature reconstruction loss: 0.5619
Epoch: 0353 sens loss: 0.5786 contrastive loss: 6.6568 edge reconstruction loss: 0.3977 feature reconstruction loss: 0.5622
Epoch: 0354 sens loss: 0.5775 contrastive loss: 6.6627 edge reconstruction loss: 0.3976 feature reconstruction loss: 0.5611
Epoch: 0355 sens loss: 0.5753 contrastive loss: 6.6589 edge reconstruction loss: 0.3977 feature reconstruction loss: 0.5620
Epoch: 0356 sens loss: 0.5758 contrastive loss: 6.6574 edge reconstruction loss: 0.3974 feature reconstruction loss: 0.5597
Epoch: 0357 sens loss: 0.5764 contrastive loss: 6.6611 edge reconstruction loss: 0.3976 feature reconstruction loss: 0.5589
Epoch: 0358 sens loss: 0.5768 contrastive loss: 6.6607 edge reconstruction loss: 0.3979 feature reconstruction loss: 0.5546
Epoch: 0359 sens loss: 0.5765 contrastive loss: 6.6612 edge reconstruction loss: 0.3981 feature reconstruction loss: 0.5556
Epoch: 0360 sens loss: 0.5772 contrastive loss: 6.6584 edge reconstruction loss: 0.3977 feature reconstruction loss: 0.5530
Epoch: 0361 sens loss: 0.5753 contrastive loss: 6.6617 edge reconstruction loss: 0.3981 feature reconstruction loss: 0.5549
Epoch: 0362 sens loss: 0.5774 contrastive loss: 6.6559 edge reconstruction loss: 0.3992 feature reconstruction loss: 0.5506
Epoch: 0363 sens loss: 0.5756 contrastive loss: 6.6597 edge reconstruction loss: 0.3985 feature reconstruction loss: 0.5515
Epoch: 0364 sens loss: 0.5764 contrastive loss: 6.6592 edge reconstruction loss: 0.3979 feature reconstruction loss: 0.5527
Epoch: 0365 sens loss: 0.5772 contrastive loss: 6.6596 edge reconstruction loss: 0.3977 feature reconstruction loss: 0.5473
Epoch: 0366 sens loss: 0.5763 contrastive loss: 6.6587 edge reconstruction loss: 0.3978 feature reconstruction loss: 0.5458
Epoch: 0367 sens loss: 0.5765 contrastive loss: 6.6597 edge reconstruction loss: 0.3976 feature reconstruction loss: 0.5466
Epoch: 0368 sens loss: 0.5770 contrastive loss: 6.6562 edge reconstruction loss: 0.3982 feature reconstruction loss: 0.5424
Epoch: 0369 sens loss: 0.5764 contrastive loss: 6.6613 edge reconstruction loss: 0.3981 feature reconstruction loss: 0.5407
Epoch: 0370 sens loss: 0.5759 contrastive loss: 6.6609 edge reconstruction loss: 0.3976 feature reconstruction loss: 0.5411
Epoch: 0371 sens loss: 0.5779 contrastive loss: 6.6602 edge reconstruction loss: 0.3979 feature reconstruction loss: 0.5401
Epoch: 0372 sens loss: 0.5773 contrastive loss: 6.6597 edge reconstruction loss: 0.3975 feature reconstruction loss: 0.5372
Epoch: 0373 sens loss: 0.5771 contrastive loss: 6.6559 edge reconstruction loss: 0.3979 feature reconstruction loss: 0.5345
Epoch: 0374 sens loss: 0.5784 contrastive loss: 6.6584 edge reconstruction loss: 0.3978 feature reconstruction loss: 0.5358
Epoch: 0375 sens loss: 0.5764 contrastive loss: 6.6603 edge reconstruction loss: 0.3974 feature reconstruction loss: 0.5301
Epoch: 0376 sens loss: 0.5768 contrastive loss: 6.6566 edge reconstruction loss: 0.3977 feature reconstruction loss: 0.5308
Epoch: 0377 sens loss: 0.5769 contrastive loss: 6.6604 edge reconstruction loss: 0.3975 feature reconstruction loss: 0.5285
Epoch: 0378 sens loss: 0.5760 contrastive loss: 6.6558 edge reconstruction loss: 0.3973 feature reconstruction loss: 0.5302
Epoch: 0379 sens loss: 0.5776 contrastive loss: 6.6616 edge reconstruction loss: 0.3975 feature reconstruction loss: 0.5260
Epoch: 0380 sens loss: 0.5764 contrastive loss: 6.6643 edge reconstruction loss: 0.3977 feature reconstruction loss: 0.5251
Epoch: 0381 sens loss: 0.5765 contrastive loss: 6.6588 edge reconstruction loss: 0.3978 feature reconstruction loss: 0.5224
Epoch: 0382 sens loss: 0.5759 contrastive loss: 6.6591 edge reconstruction loss: 0.3984 feature reconstruction loss: 0.5224
Epoch: 0383 sens loss: 0.5780 contrastive loss: 6.6612 edge reconstruction loss: 0.3981 feature reconstruction loss: 0.5198
Epoch: 0384 sens loss: 0.5781 contrastive loss: 6.6575 edge reconstruction loss: 0.3977 feature reconstruction loss: 0.5182
Epoch: 0385 sens loss: 0.5772 contrastive loss: 6.6538 edge reconstruction loss: 0.3981 feature reconstruction loss: 0.5199
Epoch: 0386 sens loss: 0.5769 contrastive loss: 6.6554 edge reconstruction loss: 0.3976 feature reconstruction loss: 0.5182
Epoch: 0387 sens loss: 0.5767 contrastive loss: 6.6590 edge reconstruction loss: 0.3975 feature reconstruction loss: 0.5141
Epoch: 0388 sens loss: 0.5765 contrastive loss: 6.6592 edge reconstruction loss: 0.3978 feature reconstruction loss: 0.5140
Epoch: 0389 sens loss: 0.5757 contrastive loss: 6.6586 edge reconstruction loss: 0.3976 feature reconstruction loss: 0.5125
Epoch: 0390 sens loss: 0.5767 contrastive loss: 6.6556 edge reconstruction loss: 0.3977 feature reconstruction loss: 0.5093
Epoch: 0391 sens loss: 0.5779 contrastive loss: 6.6521 edge reconstruction loss: 0.3977 feature reconstruction loss: 0.5105
Epoch: 0392 sens loss: 0.5763 contrastive loss: 6.6562 edge reconstruction loss: 0.3979 feature reconstruction loss: 0.5068
Epoch: 0393 sens loss: 0.5759 contrastive loss: 6.6552 edge reconstruction loss: 0.3980 feature reconstruction loss: 0.5055
Epoch: 0394 sens loss: 0.5761 contrastive loss: 6.6568 edge reconstruction loss: 0.3979 feature reconstruction loss: 0.5031
Epoch: 0395 sens loss: 0.5754 contrastive loss: 6.6568 edge reconstruction loss: 0.3976 feature reconstruction loss: 0.5025
Epoch: 0396 sens loss: 0.5762 contrastive loss: 6.6621 edge reconstruction loss: 0.3974 feature reconstruction loss: 0.5030
Epoch: 0397 sens loss: 0.5771 contrastive loss: 6.6619 edge reconstruction loss: 0.3977 feature reconstruction loss: 0.4976
Epoch: 0398 sens loss: 0.5768 contrastive loss: 6.6588 edge reconstruction loss: 0.3975 feature reconstruction loss: 0.4996
Epoch: 0399 sens loss: 0.5765 contrastive loss: 6.6553 edge reconstruction loss: 0.3974 feature reconstruction loss: 0.4970
Epoch: 0400 sens loss: 0.5768 contrastive loss: 6.6589 edge reconstruction loss: 0.3978 feature reconstruction loss: 0.4990
Epoch: 0401 sens loss: 0.5770 contrastive loss: 6.6597 edge reconstruction loss: 0.3977 feature reconstruction loss: 0.4954
Epoch: 0402 sens loss: 0.5777 contrastive loss: 6.6556 edge reconstruction loss: 0.3975 feature reconstruction loss: 0.4894
Epoch: 0403 sens loss: 0.5768 contrastive loss: 6.6605 edge reconstruction loss: 0.3976 feature reconstruction loss: 0.4915
Epoch: 0404 sens loss: 0.5779 contrastive loss: 6.6608 edge reconstruction loss: 0.3977 feature reconstruction loss: 0.4915
Epoch: 0405 sens loss: 0.5767 contrastive loss: 6.6572 edge reconstruction loss: 0.3978 feature reconstruction loss: 0.4890
Epoch: 0406 sens loss: 0.5770 contrastive loss: 6.6608 edge reconstruction loss: 0.3975 feature reconstruction loss: 0.4871
Epoch: 0407 sens loss: 0.5761 contrastive loss: 6.6627 edge reconstruction loss: 0.3975 feature reconstruction loss: 0.4846
Epoch: 0408 sens loss: 0.5752 contrastive loss: 6.6529 edge reconstruction loss: 0.3977 feature reconstruction loss: 0.4826
Epoch: 0409 sens loss: 0.5751 contrastive loss: 6.6597 edge reconstruction loss: 0.3978 feature reconstruction loss: 0.4840
Epoch: 0410 sens loss: 0.5776 contrastive loss: 6.6559 edge reconstruction loss: 0.3978 feature reconstruction loss: 0.4801
Epoch: 0411 sens loss: 0.5760 contrastive loss: 6.6580 edge reconstruction loss: 0.3976 feature reconstruction loss: 0.4813
Epoch: 0412 sens loss: 0.5759 contrastive loss: 6.6590 edge reconstruction loss: 0.3973 feature reconstruction loss: 0.4781
Epoch: 0413 sens loss: 0.5768 contrastive loss: 6.6531 edge reconstruction loss: 0.3977 feature reconstruction loss: 0.4799
Epoch: 0414 sens loss: 0.5767 contrastive loss: 6.6594 edge reconstruction loss: 0.3974 feature reconstruction loss: 0.4785
Epoch: 0415 sens loss: 0.5763 contrastive loss: 6.6563 edge reconstruction loss: 0.3977 feature reconstruction loss: 0.4774
Epoch: 0416 sens loss: 0.5763 contrastive loss: 6.6567 edge reconstruction loss: 0.3976 feature reconstruction loss: 0.4748
Epoch: 0417 sens loss: 0.5776 contrastive loss: 6.6553 edge reconstruction loss: 0.3977 feature reconstruction loss: 0.4738
Epoch: 0418 sens loss: 0.5773 contrastive loss: 6.6553 edge reconstruction loss: 0.3974 feature reconstruction loss: 0.4717
Epoch: 0419 sens loss: 0.5768 contrastive loss: 6.6554 edge reconstruction loss: 0.3975 feature reconstruction loss: 0.4693
Epoch: 0420 sens loss: 0.5765 contrastive loss: 6.6564 edge reconstruction loss: 0.3977 feature reconstruction loss: 0.4686
Epoch: 0421 sens loss: 0.5771 contrastive loss: 6.6534 edge reconstruction loss: 0.3976 feature reconstruction loss: 0.4683
Epoch: 0422 sens loss: 0.5756 contrastive loss: 6.6565 edge reconstruction loss: 0.3979 feature reconstruction loss: 0.4664
Epoch: 0423 sens loss: 0.5785 contrastive loss: 6.6567 edge reconstruction loss: 0.3976 feature reconstruction loss: 0.4643
Epoch: 0424 sens loss: 0.5775 contrastive loss: 6.6573 edge reconstruction loss: 0.3973 feature reconstruction loss: 0.4638
Epoch: 0425 sens loss: 0.5760 contrastive loss: 6.6575 edge reconstruction loss: 0.3973 feature reconstruction loss: 0.4654
Epoch: 0426 sens loss: 0.5769 contrastive loss: 6.6563 edge reconstruction loss: 0.3974 feature reconstruction loss: 0.4646
Epoch: 0427 sens loss: 0.5759 contrastive loss: 6.6570 edge reconstruction loss: 0.3974 feature reconstruction loss: 0.4627
Epoch: 0428 sens loss: 0.5766 contrastive loss: 6.6556 edge reconstruction loss: 0.3973 feature reconstruction loss: 0.4589
Epoch: 0429 sens loss: 0.5763 contrastive loss: 6.6511 edge reconstruction loss: 0.3976 feature reconstruction loss: 0.4600
Epoch: 0430 sens loss: 0.5767 contrastive loss: 6.6570 edge reconstruction loss: 0.3975 feature reconstruction loss: 0.4552
Epoch: 0431 sens loss: 0.5752 contrastive loss: 6.6572 edge reconstruction loss: 0.3974 feature reconstruction loss: 0.4530
Epoch: 0432 sens loss: 0.5772 contrastive loss: 6.6583 edge reconstruction loss: 0.3974 feature reconstruction loss: 0.4523
Epoch: 0433 sens loss: 0.5755 contrastive loss: 6.6552 edge reconstruction loss: 0.3978 feature reconstruction loss: 0.4545
Epoch: 0434 sens loss: 0.5776 contrastive loss: 6.6557 edge reconstruction loss: 0.3975 feature reconstruction loss: 0.4522
Epoch: 0435 sens loss: 0.5756 contrastive loss: 6.6594 edge reconstruction loss: 0.3976 feature reconstruction loss: 0.4535
Epoch: 0436 sens loss: 0.5760 contrastive loss: 6.6542 edge reconstruction loss: 0.3972 feature reconstruction loss: 0.4493
Epoch: 0437 sens loss: 0.5762 contrastive loss: 6.6534 edge reconstruction loss: 0.3973 feature reconstruction loss: 0.4484
Epoch: 0438 sens loss: 0.5762 contrastive loss: 6.6560 edge reconstruction loss: 0.3977 feature reconstruction loss: 0.4492
Epoch: 0439 sens loss: 0.5765 contrastive loss: 6.6563 edge reconstruction loss: 0.3974 feature reconstruction loss: 0.4455
Epoch: 0440 sens loss: 0.5771 contrastive loss: 6.6586 edge reconstruction loss: 0.3975 feature reconstruction loss: 0.4466
Epoch: 0441 sens loss: 0.5756 contrastive loss: 6.6553 edge reconstruction loss: 0.3972 feature reconstruction loss: 0.4433
Epoch: 0442 sens loss: 0.5761 contrastive loss: 6.6564 edge reconstruction loss: 0.3973 feature reconstruction loss: 0.4456
Epoch: 0443 sens loss: 0.5766 contrastive loss: 6.6538 edge reconstruction loss: 0.3973 feature reconstruction loss: 0.4398
Epoch: 0444 sens loss: 0.5768 contrastive loss: 6.6538 edge reconstruction loss: 0.3973 feature reconstruction loss: 0.4403
Epoch: 0445 sens loss: 0.5743 contrastive loss: 6.6551 edge reconstruction loss: 0.3973 feature reconstruction loss: 0.4407
Epoch: 0446 sens loss: 0.5772 contrastive loss: 6.6542 edge reconstruction loss: 0.3974 feature reconstruction loss: 0.4391
Epoch: 0447 sens loss: 0.5763 contrastive loss: 6.6557 edge reconstruction loss: 0.3978 feature reconstruction loss: 0.4363
Epoch: 0448 sens loss: 0.5754 contrastive loss: 6.6554 edge reconstruction loss: 0.3974 feature reconstruction loss: 0.4322
Epoch: 0449 sens loss: 0.5747 contrastive loss: 6.6566 edge reconstruction loss: 0.3976 feature reconstruction loss: 0.4358
Epoch: 0450 sens loss: 0.5770 contrastive loss: 6.6563 edge reconstruction loss: 0.3977 feature reconstruction loss: 0.4332
Epoch: 0451 sens loss: 0.5765 contrastive loss: 6.6541 edge reconstruction loss: 0.3973 feature reconstruction loss: 0.4330
Epoch: 0452 sens loss: 0.5755 contrastive loss: 6.6571 edge reconstruction loss: 0.3973 feature reconstruction loss: 0.4291
Epoch: 0453 sens loss: 0.5746 contrastive loss: 6.6526 edge reconstruction loss: 0.3972 feature reconstruction loss: 0.4305
Epoch: 0454 sens loss: 0.5760 contrastive loss: 6.6514 edge reconstruction loss: 0.3971 feature reconstruction loss: 0.4286
Epoch: 0455 sens loss: 0.5756 contrastive loss: 6.6541 edge reconstruction loss: 0.3971 feature reconstruction loss: 0.4309
Epoch: 0456 sens loss: 0.5769 contrastive loss: 6.6536 edge reconstruction loss: 0.3974 feature reconstruction loss: 0.4291
Epoch: 0457 sens loss: 0.5781 contrastive loss: 6.6574 edge reconstruction loss: 0.3972 feature reconstruction loss: 0.4254
Epoch: 0458 sens loss: 0.5771 contrastive loss: 6.6556 edge reconstruction loss: 0.3974 feature reconstruction loss: 0.4217
Epoch: 0459 sens loss: 0.5761 contrastive loss: 6.6565 edge reconstruction loss: 0.3973 feature reconstruction loss: 0.4196
Epoch: 0460 sens loss: 0.5764 contrastive loss: 6.6512 edge reconstruction loss: 0.3977 feature reconstruction loss: 0.4205
Epoch: 0461 sens loss: 0.5770 contrastive loss: 6.6530 edge reconstruction loss: 0.3974 feature reconstruction loss: 0.4217
Epoch: 0462 sens loss: 0.5773 contrastive loss: 6.6558 edge reconstruction loss: 0.3972 feature reconstruction loss: 0.4166
Epoch: 0463 sens loss: 0.5762 contrastive loss: 6.6555 edge reconstruction loss: 0.3975 feature reconstruction loss: 0.4197
Epoch: 0464 sens loss: 0.5762 contrastive loss: 6.6570 edge reconstruction loss: 0.3971 feature reconstruction loss: 0.4179
Epoch: 0465 sens loss: 0.5759 contrastive loss: 6.6550 edge reconstruction loss: 0.3974 feature reconstruction loss: 0.4161
Epoch: 0466 sens loss: 0.5760 contrastive loss: 6.6556 edge reconstruction loss: 0.3976 feature reconstruction loss: 0.4133
Epoch: 0467 sens loss: 0.5746 contrastive loss: 6.6534 edge reconstruction loss: 0.3972 feature reconstruction loss: 0.4111
Epoch: 0468 sens loss: 0.5764 contrastive loss: 6.6598 edge reconstruction loss: 0.3973 feature reconstruction loss: 0.4130
Epoch: 0469 sens loss: 0.5761 contrastive loss: 6.6557 edge reconstruction loss: 0.3971 feature reconstruction loss: 0.4157
Epoch: 0470 sens loss: 0.5747 contrastive loss: 6.6543 edge reconstruction loss: 0.3973 feature reconstruction loss: 0.4120
Epoch: 0471 sens loss: 0.5766 contrastive loss: 6.6569 edge reconstruction loss: 0.3974 feature reconstruction loss: 0.4113
Epoch: 0472 sens loss: 0.5770 contrastive loss: 6.6499 edge reconstruction loss: 0.3971 feature reconstruction loss: 0.4098
Epoch: 0473 sens loss: 0.5765 contrastive loss: 6.6541 edge reconstruction loss: 0.3974 feature reconstruction loss: 0.4083
Epoch: 0474 sens loss: 0.5757 contrastive loss: 6.6581 edge reconstruction loss: 0.3972 feature reconstruction loss: 0.4070
Epoch: 0475 sens loss: 0.5760 contrastive loss: 6.6541 edge reconstruction loss: 0.3973 feature reconstruction loss: 0.4045
Epoch: 0476 sens loss: 0.5745 contrastive loss: 6.6540 edge reconstruction loss: 0.3973 feature reconstruction loss: 0.4055
Epoch: 0477 sens loss: 0.5744 contrastive loss: 6.6501 edge reconstruction loss: 0.3973 feature reconstruction loss: 0.4040
Epoch: 0478 sens loss: 0.5751 contrastive loss: 6.6578 edge reconstruction loss: 0.3973 feature reconstruction loss: 0.3997
Epoch: 0479 sens loss: 0.5760 contrastive loss: 6.6537 edge reconstruction loss: 0.3971 feature reconstruction loss: 0.4008
Epoch: 0480 sens loss: 0.5757 contrastive loss: 6.6594 edge reconstruction loss: 0.3975 feature reconstruction loss: 0.4014
Epoch: 0481 sens loss: 0.5771 contrastive loss: 6.6523 edge reconstruction loss: 0.3976 feature reconstruction loss: 0.3985
Epoch: 0482 sens loss: 0.5765 contrastive loss: 6.6545 edge reconstruction loss: 0.3974 feature reconstruction loss: 0.3976
Epoch: 0483 sens loss: 0.5764 contrastive loss: 6.6551 edge reconstruction loss: 0.3975 feature reconstruction loss: 0.4000
Epoch: 0484 sens loss: 0.5752 contrastive loss: 6.6552 edge reconstruction loss: 0.3972 feature reconstruction loss: 0.3948
Epoch: 0485 sens loss: 0.5750 contrastive loss: 6.6541 edge reconstruction loss: 0.3972 feature reconstruction loss: 0.3955
Epoch: 0486 sens loss: 0.5768 contrastive loss: 6.6577 edge reconstruction loss: 0.3970 feature reconstruction loss: 0.3935
Epoch: 0487 sens loss: 0.5744 contrastive loss: 6.6554 edge reconstruction loss: 0.3972 feature reconstruction loss: 0.3937
Epoch: 0488 sens loss: 0.5747 contrastive loss: 6.6540 edge reconstruction loss: 0.3973 feature reconstruction loss: 0.3935
Epoch: 0489 sens loss: 0.5768 contrastive loss: 6.6536 edge reconstruction loss: 0.3973 feature reconstruction loss: 0.3911
Epoch: 0490 sens loss: 0.5756 contrastive loss: 6.6529 edge reconstruction loss: 0.3976 feature reconstruction loss: 0.3926
Epoch: 0491 sens loss: 0.5753 contrastive loss: 6.6530 edge reconstruction loss: 0.3978 feature reconstruction loss: 0.3903
Epoch: 0492 sens loss: 0.5766 contrastive loss: 6.6512 edge reconstruction loss: 0.3977 feature reconstruction loss: 0.3866
Epoch: 0493 sens loss: 0.5755 contrastive loss: 6.6542 edge reconstruction loss: 0.3975 feature reconstruction loss: 0.3871
Epoch: 0494 sens loss: 0.5775 contrastive loss: 6.6526 edge reconstruction loss: 0.3974 feature reconstruction loss: 0.3894
Epoch: 0495 sens loss: 0.5750 contrastive loss: 6.6513 edge reconstruction loss: 0.3972 feature reconstruction loss: 0.3872
Epoch: 0496 sens loss: 0.5770 contrastive loss: 6.6534 edge reconstruction loss: 0.3974 feature reconstruction loss: 0.3856
Epoch: 0497 sens loss: 0.5752 contrastive loss: 6.6498 edge reconstruction loss: 0.3977 feature reconstruction loss: 0.3817
Epoch: 0498 sens loss: 0.5759 contrastive loss: 6.6537 edge reconstruction loss: 0.3976 feature reconstruction loss: 0.3835
Epoch: 0499 sens loss: 0.5752 contrastive loss: 6.6543 edge reconstruction loss: 0.3976 feature reconstruction loss: 0.3830
Epoch: 0500 sens loss: 0.5773 contrastive loss: 6.6480 edge reconstruction loss: 0.3972 feature reconstruction loss: 0.3805
Training time:  10.433464527130127
Epoch [0] Test set results: acc_test= 0.5117 acc_val: 0.5117 dp_val: 0.0209 dp_test: 0.0209 eo_val: 0.0116 eo_test: 0.0116
Epoch [10] Test set results: acc_test= 0.5211 acc_val: 0.5211 dp_val: 0.0000 dp_test: 0.0000 eo_val: 0.0000 eo_test: 0.0000
Epoch [20] Test set results: acc_test= 0.5211 acc_val: 0.5211 dp_val: 0.0000 dp_test: 0.0000 eo_val: 0.0000 eo_test: 0.0000
Epoch [30] Test set results: acc_test= 0.5211 acc_val: 0.5211 dp_val: 0.0000 dp_test: 0.0000 eo_val: 0.0000 eo_test: 0.0000
Epoch [40] Test set results: acc_test= 0.5211 acc_val: 0.5211 dp_val: 0.0000 dp_test: 0.0000 eo_val: 0.0000 eo_test: 0.0000
Epoch [50] Test set results: acc_test= 0.5211 acc_val: 0.5211 dp_val: 0.0000 dp_test: 0.0000 eo_val: 0.0000 eo_test: 0.0000
Epoch [60] Test set results: acc_test= 0.5211 acc_val: 0.5211 dp_val: 0.0000 dp_test: 0.0000 eo_val: 0.0000 eo_test: 0.0000
Epoch [70] Test set results: acc_test= 0.5211 acc_val: 0.5211 dp_val: 0.0000 dp_test: 0.0000 eo_val: 0.0000 eo_test: 0.0000
Epoch [80] Test set results: acc_test= 0.5211 acc_val: 0.5211 dp_val: 0.0000 dp_test: 0.0000 eo_val: 0.0000 eo_test: 0.0000
Epoch [90] Test set results: acc_test= 0.5211 acc_val: 0.5211 dp_val: 0.0000 dp_test: 0.0000 eo_val: 0.0000 eo_test: 0.0000
Epoch [100] Test set results: acc_test= 0.5258 acc_val: 0.5258 dp_val: 0.0169 dp_test: 0.0169 eo_val: 0.0000 eo_test: 0.0000
Epoch [110] Test set results: acc_test= 0.5258 acc_val: 0.5258 dp_val: 0.0169 dp_test: 0.0169 eo_val: 0.0000 eo_test: 0.0000
Epoch [120] Test set results: acc_test= 0.5258 acc_val: 0.5258 dp_val: 0.0169 dp_test: 0.0169 eo_val: 0.0000 eo_test: 0.0000
Epoch [130] Test set results: acc_test= 0.5258 acc_val: 0.5258 dp_val: 0.0169 dp_test: 0.0169 eo_val: 0.0000 eo_test: 0.0000
Epoch [140] Test set results: acc_test= 0.5258 acc_val: 0.5258 dp_val: 0.0169 dp_test: 0.0169 eo_val: 0.0000 eo_test: 0.0000
Epoch [150] Test set results: acc_test= 0.5258 acc_val: 0.5258 dp_val: 0.0169 dp_test: 0.0169 eo_val: 0.0000 eo_test: 0.0000
Epoch [160] Test set results: acc_test= 0.5258 acc_val: 0.5258 dp_val: 0.0169 dp_test: 0.0169 eo_val: 0.0000 eo_test: 0.0000
Epoch [170] Test set results: acc_test= 0.5305 acc_val: 0.5305 dp_val: 0.0105 dp_test: 0.0105 eo_val: 0.0000 eo_test: 0.0000
Epoch [180] Test set results: acc_test= 0.5399 acc_val: 0.5399 dp_val: 0.0209 dp_test: 0.0209 eo_val: 0.0000 eo_test: 0.0000
Epoch [190] Test set results: acc_test= 0.5399 acc_val: 0.5399 dp_val: 0.0209 dp_test: 0.0209 eo_val: 0.0000 eo_test: 0.0000
Epoch [200] Test set results: acc_test= 0.5399 acc_val: 0.5399 dp_val: 0.0209 dp_test: 0.0209 eo_val: 0.0000 eo_test: 0.0000
Epoch [210] Test set results: acc_test= 0.5399 acc_val: 0.5399 dp_val: 0.0209 dp_test: 0.0209 eo_val: 0.0000 eo_test: 0.0000
Epoch [220] Test set results: acc_test= 0.5399 acc_val: 0.5399 dp_val: 0.0209 dp_test: 0.0209 eo_val: 0.0000 eo_test: 0.0000
Epoch [230] Test set results: acc_test= 0.5352 acc_val: 0.5352 dp_val: 0.0144 dp_test: 0.0144 eo_val: 0.0120 eo_test: 0.0120
Epoch [240] Test set results: acc_test= 0.5352 acc_val: 0.5352 dp_val: 0.0144 dp_test: 0.0144 eo_val: 0.0120 eo_test: 0.0120
Epoch [250] Test set results: acc_test= 0.5352 acc_val: 0.5352 dp_val: 0.0144 dp_test: 0.0144 eo_val: 0.0120 eo_test: 0.0120
Epoch [260] Test set results: acc_test= 0.5305 acc_val: 0.5305 dp_val: 0.0079 dp_test: 0.0079 eo_val: 0.0241 eo_test: 0.0241
Epoch [270] Test set results: acc_test= 0.5305 acc_val: 0.5305 dp_val: 0.0184 dp_test: 0.0184 eo_val: 0.0116 eo_test: 0.0116
Epoch [280] Test set results: acc_test= 0.5258 acc_val: 0.5258 dp_val: 0.0119 dp_test: 0.0119 eo_val: 0.0004 eo_test: 0.0004
Epoch [290] Test set results: acc_test= 0.5305 acc_val: 0.5305 dp_val: 0.0054 dp_test: 0.0054 eo_val: 0.0004 eo_test: 0.0004
Epoch [300] Test set results: acc_test= 0.5305 acc_val: 0.5305 dp_val: 0.0054 dp_test: 0.0054 eo_val: 0.0004 eo_test: 0.0004
Epoch [310] Test set results: acc_test= 0.5258 acc_val: 0.5258 dp_val: 0.0141 dp_test: 0.0141 eo_val: 0.0245 eo_test: 0.0245
Epoch [320] Test set results: acc_test= 0.5258 acc_val: 0.5258 dp_val: 0.0271 dp_test: 0.0271 eo_val: 0.0366 eo_test: 0.0366
Epoch [330] Test set results: acc_test= 0.5211 acc_val: 0.5211 dp_val: 0.0336 dp_test: 0.0336 eo_val: 0.0486 eo_test: 0.0486
Epoch [340] Test set results: acc_test= 0.5258 acc_val: 0.5258 dp_val: 0.0166 dp_test: 0.0166 eo_val: 0.0486 eo_test: 0.0486
Epoch [350] Test set results: acc_test= 0.5352 acc_val: 0.5352 dp_val: 0.0062 dp_test: 0.0062 eo_val: 0.0486 eo_test: 0.0486
Epoch [360] Test set results: acc_test= 0.5446 acc_val: 0.5446 dp_val: 0.0192 dp_test: 0.0192 eo_val: 0.0486 eo_test: 0.0486
Epoch [370] Test set results: acc_test= 0.5399 acc_val: 0.5399 dp_val: 0.0256 dp_test: 0.0256 eo_val: 0.0607 eo_test: 0.0607
Epoch [380] Test set results: acc_test= 0.5446 acc_val: 0.5446 dp_val: 0.0321 dp_test: 0.0321 eo_val: 0.0607 eo_test: 0.0607
Epoch [390] Test set results: acc_test= 0.5493 acc_val: 0.5493 dp_val: 0.0152 dp_test: 0.0152 eo_val: 0.0607 eo_test: 0.0607
Epoch [400] Test set results: acc_test= 0.5587 acc_val: 0.5587 dp_val: 0.0047 dp_test: 0.0047 eo_val: 0.0607 eo_test: 0.0607
Epoch [410] Test set results: acc_test= 0.5587 acc_val: 0.5587 dp_val: 0.0047 dp_test: 0.0047 eo_val: 0.0607 eo_test: 0.0607
Epoch [420] Test set results: acc_test= 0.5587 acc_val: 0.5587 dp_val: 0.0057 dp_test: 0.0057 eo_val: 0.0250 eo_test: 0.0250
Epoch [430] Test set results: acc_test= 0.5634 acc_val: 0.5634 dp_val: 0.0097 dp_test: 0.0097 eo_val: 0.0370 eo_test: 0.0370
Epoch [440] Test set results: acc_test= 0.5634 acc_val: 0.5634 dp_val: 0.0097 dp_test: 0.0097 eo_val: 0.0370 eo_test: 0.0370
Epoch [450] Test set results: acc_test= 0.5634 acc_val: 0.5634 dp_val: 0.0097 dp_test: 0.0097 eo_val: 0.0370 eo_test: 0.0370
Epoch [460] Test set results: acc_test= 0.5634 acc_val: 0.5634 dp_val: 0.0201 dp_test: 0.0201 eo_val: 0.0013 eo_test: 0.0013
Epoch [470] Test set results: acc_test= 0.5634 acc_val: 0.5634 dp_val: 0.0201 dp_test: 0.0201 eo_val: 0.0013 eo_test: 0.0013
Epoch [480] Test set results: acc_test= 0.5681 acc_val: 0.5681 dp_val: 0.0241 dp_test: 0.0241 eo_val: 0.0133 eo_test: 0.0133
Epoch [490] Test set results: acc_test= 0.5634 acc_val: 0.5634 dp_val: 0.0411 dp_test: 0.0411 eo_val: 0.0224 eo_test: 0.0224
Optimization Finished!
Test results: acc_test= 0.5728 acc_val: 0.5728 dp_val: 0.0515 dp_test: 0.0515 eo_val: 0.0224 eo_test: 0.0224
Epoch [0] Test set results: acc_test= 0.5728 acc_val: 0.5728 dp_val: 0.0515 dp_test: 0.0515 eo_val: 0.0224 eo_test: 0.0224
Epoch [10] Test set results: acc_test= 0.5634 acc_val: 0.5634 dp_val: 0.0620 dp_test: 0.0620 eo_val: 0.0460 eo_test: 0.0460
Epoch [20] Test set results: acc_test= 0.5634 acc_val: 0.5634 dp_val: 0.0620 dp_test: 0.0620 eo_val: 0.0460 eo_test: 0.0460
Epoch [30] Test set results: acc_test= 0.5587 acc_val: 0.5587 dp_val: 0.0555 dp_test: 0.0555 eo_val: 0.0340 eo_test: 0.0340
Epoch [40] Test set results: acc_test= 0.5634 acc_val: 0.5634 dp_val: 0.0360 dp_test: 0.0360 eo_val: 0.0219 eo_test: 0.0219
Epoch [50] Test set results: acc_test= 0.5681 acc_val: 0.5681 dp_val: 0.0529 dp_test: 0.0529 eo_val: 0.0219 eo_test: 0.0219
Epoch [60] Test set results: acc_test= 0.5681 acc_val: 0.5681 dp_val: 0.0529 dp_test: 0.0529 eo_val: 0.0219 eo_test: 0.0219
Epoch [70] Test set results: acc_test= 0.5822 acc_val: 0.5822 dp_val: 0.0335 dp_test: 0.0335 eo_val: 0.0219 eo_test: 0.0219
Epoch [80] Test set results: acc_test= 0.5869 acc_val: 0.5869 dp_val: 0.0374 dp_test: 0.0374 eo_val: 0.0099 eo_test: 0.0099
Epoch [90] Test set results: acc_test= 0.5962 acc_val: 0.5962 dp_val: 0.0479 dp_test: 0.0479 eo_val: 0.0099 eo_test: 0.0099
Epoch [100] Test set results: acc_test= 0.6009 acc_val: 0.6009 dp_val: 0.0648 dp_test: 0.0648 eo_val: 0.0099 eo_test: 0.0099
Epoch [110] Test set results: acc_test= 0.5962 acc_val: 0.5962 dp_val: 0.0583 dp_test: 0.0583 eo_val: 0.0022 eo_test: 0.0022
Epoch [120] Test set results: acc_test= 0.6009 acc_val: 0.6009 dp_val: 0.0518 dp_test: 0.0518 eo_val: 0.0022 eo_test: 0.0022
Epoch [130] Test set results: acc_test= 0.6056 acc_val: 0.6056 dp_val: 0.0453 dp_test: 0.0453 eo_val: 0.0022 eo_test: 0.0022
Epoch [140] Test set results: acc_test= 0.6056 acc_val: 0.6056 dp_val: 0.0453 dp_test: 0.0453 eo_val: 0.0022 eo_test: 0.0022
Epoch [150] Test set results: acc_test= 0.6150 acc_val: 0.6150 dp_val: 0.0324 dp_test: 0.0324 eo_val: 0.0022 eo_test: 0.0022
Epoch [160] Test set results: acc_test= 0.6150 acc_val: 0.6150 dp_val: 0.0324 dp_test: 0.0324 eo_val: 0.0022 eo_test: 0.0022
Epoch [170] Test set results: acc_test= 0.6150 acc_val: 0.6150 dp_val: 0.0324 dp_test: 0.0324 eo_val: 0.0022 eo_test: 0.0022
Epoch [180] Test set results: acc_test= 0.6197 acc_val: 0.6197 dp_val: 0.0259 dp_test: 0.0259 eo_val: 0.0022 eo_test: 0.0022
Epoch [190] Test set results: acc_test= 0.6197 acc_val: 0.6197 dp_val: 0.0259 dp_test: 0.0259 eo_val: 0.0022 eo_test: 0.0022
Epoch [200] Test set results: acc_test= 0.6150 acc_val: 0.6150 dp_val: 0.0428 dp_test: 0.0428 eo_val: 0.0336 eo_test: 0.0336
Epoch [210] Test set results: acc_test= 0.6150 acc_val: 0.6150 dp_val: 0.0428 dp_test: 0.0428 eo_val: 0.0336 eo_test: 0.0336
Epoch [220] Test set results: acc_test= 0.6103 acc_val: 0.6103 dp_val: 0.0363 dp_test: 0.0363 eo_val: 0.0215 eo_test: 0.0215
Epoch [230] Test set results: acc_test= 0.6056 acc_val: 0.6056 dp_val: 0.0533 dp_test: 0.0533 eo_val: 0.0572 eo_test: 0.0572
Epoch [240] Test set results: acc_test= 0.6056 acc_val: 0.6056 dp_val: 0.0533 dp_test: 0.0533 eo_val: 0.0572 eo_test: 0.0572
Epoch [250] Test set results: acc_test= 0.6056 acc_val: 0.6056 dp_val: 0.0533 dp_test: 0.0533 eo_val: 0.0572 eo_test: 0.0572
Epoch [260] Test set results: acc_test= 0.5962 acc_val: 0.5962 dp_val: 0.0872 dp_test: 0.0872 eo_val: 0.1287 eo_test: 0.1287
Epoch [270] Test set results: acc_test= 0.6009 acc_val: 0.6009 dp_val: 0.0807 dp_test: 0.0807 eo_val: 0.1287 eo_test: 0.1287
Epoch [280] Test set results: acc_test= 0.6009 acc_val: 0.6009 dp_val: 0.0911 dp_test: 0.0911 eo_val: 0.1166 eo_test: 0.1166
Epoch [290] Test set results: acc_test= 0.6009 acc_val: 0.6009 dp_val: 0.0911 dp_test: 0.0911 eo_val: 0.1166 eo_test: 0.1166
Epoch [300] Test set results: acc_test= 0.6197 acc_val: 0.6197 dp_val: 0.0652 dp_test: 0.0652 eo_val: 0.1166 eo_test: 0.1166
Epoch [310] Test set results: acc_test= 0.6244 acc_val: 0.6244 dp_val: 0.0587 dp_test: 0.0587 eo_val: 0.1166 eo_test: 0.1166
Epoch [320] Test set results: acc_test= 0.6244 acc_val: 0.6244 dp_val: 0.0587 dp_test: 0.0587 eo_val: 0.1166 eo_test: 0.1166
Epoch [330] Test set results: acc_test= 0.6244 acc_val: 0.6244 dp_val: 0.0691 dp_test: 0.0691 eo_val: 0.1046 eo_test: 0.1046
Epoch [340] Test set results: acc_test= 0.6291 acc_val: 0.6291 dp_val: 0.0626 dp_test: 0.0626 eo_val: 0.1046 eo_test: 0.1046
Epoch [350] Test set results: acc_test= 0.6338 acc_val: 0.6338 dp_val: 0.0796 dp_test: 0.0796 eo_val: 0.1046 eo_test: 0.1046
Epoch [360] Test set results: acc_test= 0.6291 acc_val: 0.6291 dp_val: 0.0731 dp_test: 0.0731 eo_val: 0.0925 eo_test: 0.0925
Epoch [370] Test set results: acc_test= 0.6244 acc_val: 0.6244 dp_val: 0.0770 dp_test: 0.0770 eo_val: 0.1162 eo_test: 0.1162
Epoch [380] Test set results: acc_test= 0.6291 acc_val: 0.6291 dp_val: 0.0705 dp_test: 0.0705 eo_val: 0.1162 eo_test: 0.1162
Epoch [390] Test set results: acc_test= 0.6385 acc_val: 0.6385 dp_val: 0.0576 dp_test: 0.0576 eo_val: 0.1162 eo_test: 0.1162
Epoch [400] Test set results: acc_test= 0.6385 acc_val: 0.6385 dp_val: 0.0576 dp_test: 0.0576 eo_val: 0.1162 eo_test: 0.1162
Epoch [410] Test set results: acc_test= 0.6338 acc_val: 0.6338 dp_val: 0.0745 dp_test: 0.0745 eo_val: 0.1519 eo_test: 0.1519
Epoch [420] Test set results: acc_test= 0.6338 acc_val: 0.6338 dp_val: 0.0745 dp_test: 0.0745 eo_val: 0.1519 eo_test: 0.1519
Epoch [430] Test set results: acc_test= 0.6291 acc_val: 0.6291 dp_val: 0.1019 dp_test: 0.1019 eo_val: 0.1756 eo_test: 0.1756
Epoch [440] Test set results: acc_test= 0.6291 acc_val: 0.6291 dp_val: 0.1019 dp_test: 0.1019 eo_val: 0.1756 eo_test: 0.1756
Epoch [450] Test set results: acc_test= 0.6244 acc_val: 0.6244 dp_val: 0.1189 dp_test: 0.1189 eo_val: 0.2113 eo_test: 0.2113
Epoch [460] Test set results: acc_test= 0.6291 acc_val: 0.6291 dp_val: 0.1124 dp_test: 0.1124 eo_val: 0.2113 eo_test: 0.2113
Epoch [470] Test set results: acc_test= 0.6338 acc_val: 0.6338 dp_val: 0.1059 dp_test: 0.1059 eo_val: 0.2113 eo_test: 0.2113
Epoch [480] Test set results: acc_test= 0.6291 acc_val: 0.6291 dp_val: 0.0994 dp_test: 0.0994 eo_val: 0.1992 eo_test: 0.1992
Epoch [490] Test set results: acc_test= 0.6244 acc_val: 0.6244 dp_val: 0.0929 dp_test: 0.0929 eo_val: 0.1872 eo_test: 0.1872
Optimization Finished!
Test results: acc_test= 0.6385 acc_val: 0.6385 dp_val: 0.0576 dp_test: 0.0576 eo_val: 0.1162 eo_test: 0.1162
Epoch [0] Test set results: acc_test= 0.6244 acc_val: 0.6244 dp_val: 0.0929 dp_test: 0.0929 eo_val: 0.1872 eo_test: 0.1872
Epoch [10] Test set results: acc_test= 0.6291 acc_val: 0.6291 dp_val: 0.0864 dp_test: 0.0864 eo_val: 0.1872 eo_test: 0.1872
Epoch [20] Test set results: acc_test= 0.6338 acc_val: 0.6338 dp_val: 0.0799 dp_test: 0.0799 eo_val: 0.1872 eo_test: 0.1872
Epoch [30] Test set results: acc_test= 0.6338 acc_val: 0.6338 dp_val: 0.0799 dp_test: 0.0799 eo_val: 0.1872 eo_test: 0.1872
Epoch [40] Test set results: acc_test= 0.6338 acc_val: 0.6338 dp_val: 0.0799 dp_test: 0.0799 eo_val: 0.1872 eo_test: 0.1872
Epoch [50] Test set results: acc_test= 0.6385 acc_val: 0.6385 dp_val: 0.0969 dp_test: 0.0969 eo_val: 0.1872 eo_test: 0.1872
Epoch [60] Test set results: acc_test= 0.6385 acc_val: 0.6385 dp_val: 0.0969 dp_test: 0.0969 eo_val: 0.1872 eo_test: 0.1872
Epoch [70] Test set results: acc_test= 0.6385 acc_val: 0.6385 dp_val: 0.0969 dp_test: 0.0969 eo_val: 0.1872 eo_test: 0.1872
Epoch [80] Test set results: acc_test= 0.6385 acc_val: 0.6385 dp_val: 0.0969 dp_test: 0.0969 eo_val: 0.1872 eo_test: 0.1872
Epoch [90] Test set results: acc_test= 0.6385 acc_val: 0.6385 dp_val: 0.0969 dp_test: 0.0969 eo_val: 0.1872 eo_test: 0.1872
Epoch [100] Test set results: acc_test= 0.6385 acc_val: 0.6385 dp_val: 0.1073 dp_test: 0.1073 eo_val: 0.2229 eo_test: 0.2229
Epoch [110] Test set results: acc_test= 0.6385 acc_val: 0.6385 dp_val: 0.1073 dp_test: 0.1073 eo_val: 0.2229 eo_test: 0.2229
Epoch [120] Test set results: acc_test= 0.6338 acc_val: 0.6338 dp_val: 0.1008 dp_test: 0.1008 eo_val: 0.2108 eo_test: 0.2108
Epoch [130] Test set results: acc_test= 0.6338 acc_val: 0.6338 dp_val: 0.1008 dp_test: 0.1008 eo_val: 0.2108 eo_test: 0.2108
Epoch [140] Test set results: acc_test= 0.6291 acc_val: 0.6291 dp_val: 0.0943 dp_test: 0.0943 eo_val: 0.1988 eo_test: 0.1988
Epoch [150] Test set results: acc_test= 0.6291 acc_val: 0.6291 dp_val: 0.0943 dp_test: 0.0943 eo_val: 0.1988 eo_test: 0.1988
Epoch [160] Test set results: acc_test= 0.6291 acc_val: 0.6291 dp_val: 0.0943 dp_test: 0.0943 eo_val: 0.1988 eo_test: 0.1988
Epoch [170] Test set results: acc_test= 0.6338 acc_val: 0.6338 dp_val: 0.1217 dp_test: 0.1217 eo_val: 0.1867 eo_test: 0.1867
Epoch [180] Test set results: acc_test= 0.6385 acc_val: 0.6385 dp_val: 0.1152 dp_test: 0.1152 eo_val: 0.1867 eo_test: 0.1867
Epoch [190] Test set results: acc_test= 0.6385 acc_val: 0.6385 dp_val: 0.1152 dp_test: 0.1152 eo_val: 0.1867 eo_test: 0.1867
Epoch [200] Test set results: acc_test= 0.6385 acc_val: 0.6385 dp_val: 0.1152 dp_test: 0.1152 eo_val: 0.1867 eo_test: 0.1867
Epoch [210] Test set results: acc_test= 0.6385 acc_val: 0.6385 dp_val: 0.1152 dp_test: 0.1152 eo_val: 0.1867 eo_test: 0.1867
Epoch [220] Test set results: acc_test= 0.6385 acc_val: 0.6385 dp_val: 0.1152 dp_test: 0.1152 eo_val: 0.1867 eo_test: 0.1867
Epoch [230] Test set results: acc_test= 0.6432 acc_val: 0.6432 dp_val: 0.1087 dp_test: 0.1087 eo_val: 0.1867 eo_test: 0.1867
Epoch [240] Test set results: acc_test= 0.6432 acc_val: 0.6432 dp_val: 0.1087 dp_test: 0.1087 eo_val: 0.1867 eo_test: 0.1867
Epoch [250] Test set results: acc_test= 0.6479 acc_val: 0.6479 dp_val: 0.1022 dp_test: 0.1022 eo_val: 0.1867 eo_test: 0.1867
Epoch [260] Test set results: acc_test= 0.6432 acc_val: 0.6432 dp_val: 0.0958 dp_test: 0.0958 eo_val: 0.1747 eo_test: 0.1747
Epoch [270] Test set results: acc_test= 0.6432 acc_val: 0.6432 dp_val: 0.0958 dp_test: 0.0958 eo_val: 0.1747 eo_test: 0.1747
Epoch [280] Test set results: acc_test= 0.6432 acc_val: 0.6432 dp_val: 0.0958 dp_test: 0.0958 eo_val: 0.1747 eo_test: 0.1747
Epoch [290] Test set results: acc_test= 0.6432 acc_val: 0.6432 dp_val: 0.0958 dp_test: 0.0958 eo_val: 0.1747 eo_test: 0.1747
Epoch [300] Test set results: acc_test= 0.6432 acc_val: 0.6432 dp_val: 0.0958 dp_test: 0.0958 eo_val: 0.1747 eo_test: 0.1747
Epoch [310] Test set results: acc_test= 0.6432 acc_val: 0.6432 dp_val: 0.0958 dp_test: 0.0958 eo_val: 0.1747 eo_test: 0.1747
Epoch [320] Test set results: acc_test= 0.6432 acc_val: 0.6432 dp_val: 0.0958 dp_test: 0.0958 eo_val: 0.1747 eo_test: 0.1747
Epoch [330] Test set results: acc_test= 0.6432 acc_val: 0.6432 dp_val: 0.0958 dp_test: 0.0958 eo_val: 0.1747 eo_test: 0.1747
Epoch [340] Test set results: acc_test= 0.6479 acc_val: 0.6479 dp_val: 0.0893 dp_test: 0.0893 eo_val: 0.1747 eo_test: 0.1747
Epoch [350] Test set results: acc_test= 0.6479 acc_val: 0.6479 dp_val: 0.0893 dp_test: 0.0893 eo_val: 0.1747 eo_test: 0.1747
Epoch [360] Test set results: acc_test= 0.6479 acc_val: 0.6479 dp_val: 0.0893 dp_test: 0.0893 eo_val: 0.1747 eo_test: 0.1747
Epoch [370] Test set results: acc_test= 0.6479 acc_val: 0.6479 dp_val: 0.0893 dp_test: 0.0893 eo_val: 0.1747 eo_test: 0.1747
Epoch [380] Test set results: acc_test= 0.6479 acc_val: 0.6479 dp_val: 0.0893 dp_test: 0.0893 eo_val: 0.1747 eo_test: 0.1747
Epoch [390] Test set results: acc_test= 0.6479 acc_val: 0.6479 dp_val: 0.0893 dp_test: 0.0893 eo_val: 0.1747 eo_test: 0.1747
Epoch [400] Test set results: acc_test= 0.6479 acc_val: 0.6479 dp_val: 0.0893 dp_test: 0.0893 eo_val: 0.1747 eo_test: 0.1747
Epoch [410] Test set results: acc_test= 0.6479 acc_val: 0.6479 dp_val: 0.0893 dp_test: 0.0893 eo_val: 0.1747 eo_test: 0.1747
Epoch [420] Test set results: acc_test= 0.6479 acc_val: 0.6479 dp_val: 0.0997 dp_test: 0.0997 eo_val: 0.2104 eo_test: 0.2104
Epoch [430] Test set results: acc_test= 0.6479 acc_val: 0.6479 dp_val: 0.0997 dp_test: 0.0997 eo_val: 0.2104 eo_test: 0.2104
Epoch [440] Test set results: acc_test= 0.6479 acc_val: 0.6479 dp_val: 0.0997 dp_test: 0.0997 eo_val: 0.2104 eo_test: 0.2104
Epoch [450] Test set results: acc_test= 0.6573 acc_val: 0.6573 dp_val: 0.0867 dp_test: 0.0867 eo_val: 0.2104 eo_test: 0.2104
Epoch [460] Test set results: acc_test= 0.6573 acc_val: 0.6573 dp_val: 0.0867 dp_test: 0.0867 eo_val: 0.2104 eo_test: 0.2104
Epoch [470] Test set results: acc_test= 0.6573 acc_val: 0.6573 dp_val: 0.0867 dp_test: 0.0867 eo_val: 0.2104 eo_test: 0.2104
Epoch [480] Test set results: acc_test= 0.6573 acc_val: 0.6573 dp_val: 0.0867 dp_test: 0.0867 eo_val: 0.2104 eo_test: 0.2104
Epoch [490] Test set results: acc_test= 0.6573 acc_val: 0.6573 dp_val: 0.0867 dp_test: 0.0867 eo_val: 0.2104 eo_test: 0.2104
Optimization Finished!
Test results: acc_test= 0.6573 acc_val: 0.6573 dp_val: 0.0867 dp_test: 0.0867 eo_val: 0.2104 eo_test: 0.2104
Epoch [0] Test set results: acc_test= 0.6573 acc_val: 0.6573 dp_val: 0.0867 dp_test: 0.0867 eo_val: 0.2104 eo_test: 0.2104
Epoch [10] Test set results: acc_test= 0.6573 acc_val: 0.6573 dp_val: 0.0867 dp_test: 0.0867 eo_val: 0.2104 eo_test: 0.2104
Epoch [20] Test set results: acc_test= 0.6573 acc_val: 0.6573 dp_val: 0.0867 dp_test: 0.0867 eo_val: 0.2104 eo_test: 0.2104
Epoch [30] Test set results: acc_test= 0.6573 acc_val: 0.6573 dp_val: 0.0867 dp_test: 0.0867 eo_val: 0.2104 eo_test: 0.2104
Epoch [40] Test set results: acc_test= 0.6573 acc_val: 0.6573 dp_val: 0.0867 dp_test: 0.0867 eo_val: 0.2104 eo_test: 0.2104
Epoch [50] Test set results: acc_test= 0.6620 acc_val: 0.6620 dp_val: 0.0802 dp_test: 0.0802 eo_val: 0.2104 eo_test: 0.2104
Epoch [60] Test set results: acc_test= 0.6620 acc_val: 0.6620 dp_val: 0.0802 dp_test: 0.0802 eo_val: 0.2104 eo_test: 0.2104
Epoch [70] Test set results: acc_test= 0.6620 acc_val: 0.6620 dp_val: 0.0802 dp_test: 0.0802 eo_val: 0.2104 eo_test: 0.2104
Epoch [80] Test set results: acc_test= 0.6620 acc_val: 0.6620 dp_val: 0.0802 dp_test: 0.0802 eo_val: 0.2104 eo_test: 0.2104
Epoch [90] Test set results: acc_test= 0.6620 acc_val: 0.6620 dp_val: 0.0802 dp_test: 0.0802 eo_val: 0.2104 eo_test: 0.2104
Epoch [100] Test set results: acc_test= 0.6620 acc_val: 0.6620 dp_val: 0.0802 dp_test: 0.0802 eo_val: 0.2104 eo_test: 0.2104
Epoch [110] Test set results: acc_test= 0.6620 acc_val: 0.6620 dp_val: 0.0802 dp_test: 0.0802 eo_val: 0.2104 eo_test: 0.2104
Epoch [120] Test set results: acc_test= 0.6620 acc_val: 0.6620 dp_val: 0.0802 dp_test: 0.0802 eo_val: 0.2104 eo_test: 0.2104
Epoch [130] Test set results: acc_test= 0.6620 acc_val: 0.6620 dp_val: 0.0802 dp_test: 0.0802 eo_val: 0.2104 eo_test: 0.2104
Epoch [140] Test set results: acc_test= 0.6620 acc_val: 0.6620 dp_val: 0.0802 dp_test: 0.0802 eo_val: 0.2104 eo_test: 0.2104
Epoch [150] Test set results: acc_test= 0.6620 acc_val: 0.6620 dp_val: 0.0802 dp_test: 0.0802 eo_val: 0.2104 eo_test: 0.2104
Epoch [160] Test set results: acc_test= 0.6620 acc_val: 0.6620 dp_val: 0.0802 dp_test: 0.0802 eo_val: 0.2104 eo_test: 0.2104
Epoch [170] Test set results: acc_test= 0.6620 acc_val: 0.6620 dp_val: 0.0802 dp_test: 0.0802 eo_val: 0.2104 eo_test: 0.2104
Epoch [180] Test set results: acc_test= 0.6620 acc_val: 0.6620 dp_val: 0.0802 dp_test: 0.0802 eo_val: 0.2104 eo_test: 0.2104
Epoch [190] Test set results: acc_test= 0.6620 acc_val: 0.6620 dp_val: 0.0802 dp_test: 0.0802 eo_val: 0.2104 eo_test: 0.2104
Epoch [200] Test set results: acc_test= 0.6573 acc_val: 0.6573 dp_val: 0.0737 dp_test: 0.0737 eo_val: 0.1984 eo_test: 0.1984
Epoch [210] Test set results: acc_test= 0.6573 acc_val: 0.6573 dp_val: 0.0737 dp_test: 0.0737 eo_val: 0.1984 eo_test: 0.1984
Epoch [220] Test set results: acc_test= 0.6573 acc_val: 0.6573 dp_val: 0.0737 dp_test: 0.0737 eo_val: 0.1984 eo_test: 0.1984
Epoch [230] Test set results: acc_test= 0.6573 acc_val: 0.6573 dp_val: 0.0737 dp_test: 0.0737 eo_val: 0.1984 eo_test: 0.1984
Epoch [240] Test set results: acc_test= 0.6573 acc_val: 0.6573 dp_val: 0.0737 dp_test: 0.0737 eo_val: 0.1984 eo_test: 0.1984
Epoch [250] Test set results: acc_test= 0.6573 acc_val: 0.6573 dp_val: 0.0737 dp_test: 0.0737 eo_val: 0.1984 eo_test: 0.1984
Epoch [260] Test set results: acc_test= 0.6573 acc_val: 0.6573 dp_val: 0.0737 dp_test: 0.0737 eo_val: 0.1984 eo_test: 0.1984
Epoch [270] Test set results: acc_test= 0.6526 acc_val: 0.6526 dp_val: 0.0672 dp_test: 0.0672 eo_val: 0.1863 eo_test: 0.1863
Epoch [280] Test set results: acc_test= 0.6479 acc_val: 0.6479 dp_val: 0.0608 dp_test: 0.0608 eo_val: 0.1743 eo_test: 0.1743
Epoch [290] Test set results: acc_test= 0.6479 acc_val: 0.6479 dp_val: 0.0608 dp_test: 0.0608 eo_val: 0.1743 eo_test: 0.1743
Epoch [300] Test set results: acc_test= 0.6479 acc_val: 0.6479 dp_val: 0.0608 dp_test: 0.0608 eo_val: 0.1743 eo_test: 0.1743
Epoch [310] Test set results: acc_test= 0.6479 acc_val: 0.6479 dp_val: 0.0608 dp_test: 0.0608 eo_val: 0.1743 eo_test: 0.1743
Epoch [320] Test set results: acc_test= 0.6479 acc_val: 0.6479 dp_val: 0.0608 dp_test: 0.0608 eo_val: 0.1743 eo_test: 0.1743
Epoch [330] Test set results: acc_test= 0.6432 acc_val: 0.6432 dp_val: 0.0543 dp_test: 0.0543 eo_val: 0.1622 eo_test: 0.1622
Epoch [340] Test set results: acc_test= 0.6432 acc_val: 0.6432 dp_val: 0.0543 dp_test: 0.0543 eo_val: 0.1622 eo_test: 0.1622
Epoch [350] Test set results: acc_test= 0.6432 acc_val: 0.6432 dp_val: 0.0543 dp_test: 0.0543 eo_val: 0.1622 eo_test: 0.1622
Epoch [360] Test set results: acc_test= 0.6432 acc_val: 0.6432 dp_val: 0.0543 dp_test: 0.0543 eo_val: 0.1622 eo_test: 0.1622
Epoch [370] Test set results: acc_test= 0.6432 acc_val: 0.6432 dp_val: 0.0543 dp_test: 0.0543 eo_val: 0.1622 eo_test: 0.1622
Epoch [380] Test set results: acc_test= 0.6432 acc_val: 0.6432 dp_val: 0.0543 dp_test: 0.0543 eo_val: 0.1622 eo_test: 0.1622
Epoch [390] Test set results: acc_test= 0.6385 acc_val: 0.6385 dp_val: 0.0712 dp_test: 0.0712 eo_val: 0.1979 eo_test: 0.1979
Epoch [400] Test set results: acc_test= 0.6385 acc_val: 0.6385 dp_val: 0.0712 dp_test: 0.0712 eo_val: 0.1979 eo_test: 0.1979
Epoch [410] Test set results: acc_test= 0.6385 acc_val: 0.6385 dp_val: 0.0712 dp_test: 0.0712 eo_val: 0.1979 eo_test: 0.1979
Epoch [420] Test set results: acc_test= 0.6385 acc_val: 0.6385 dp_val: 0.0712 dp_test: 0.0712 eo_val: 0.1979 eo_test: 0.1979
Epoch [430] Test set results: acc_test= 0.6385 acc_val: 0.6385 dp_val: 0.0712 dp_test: 0.0712 eo_val: 0.1979 eo_test: 0.1979
Epoch [440] Test set results: acc_test= 0.6385 acc_val: 0.6385 dp_val: 0.0712 dp_test: 0.0712 eo_val: 0.1979 eo_test: 0.1979
Epoch [450] Test set results: acc_test= 0.6385 acc_val: 0.6385 dp_val: 0.0712 dp_test: 0.0712 eo_val: 0.1979 eo_test: 0.1979
Epoch [460] Test set results: acc_test= 0.6385 acc_val: 0.6385 dp_val: 0.0712 dp_test: 0.0712 eo_val: 0.1979 eo_test: 0.1979
Epoch [470] Test set results: acc_test= 0.6338 acc_val: 0.6338 dp_val: 0.0647 dp_test: 0.0647 eo_val: 0.1859 eo_test: 0.1859
Epoch [480] Test set results: acc_test= 0.6338 acc_val: 0.6338 dp_val: 0.0647 dp_test: 0.0647 eo_val: 0.1859 eo_test: 0.1859
Epoch [490] Test set results: acc_test= 0.6385 acc_val: 0.6385 dp_val: 0.0582 dp_test: 0.0582 eo_val: 0.1859 eo_test: 0.1859
Optimization Finished!
Test results: acc_test= 0.6620 acc_val: 0.6620 dp_val: 0.0802 dp_test: 0.0802 eo_val: 0.2104 eo_test: 0.2104
Epoch [0] Test set results: acc_test= 0.6432 acc_val: 0.6432 dp_val: 0.0517 dp_test: 0.0517 eo_val: 0.1859 eo_test: 0.1859
Epoch [10] Test set results: acc_test= 0.6432 acc_val: 0.6432 dp_val: 0.0517 dp_test: 0.0517 eo_val: 0.1859 eo_test: 0.1859
Epoch [20] Test set results: acc_test= 0.6432 acc_val: 0.6432 dp_val: 0.0517 dp_test: 0.0517 eo_val: 0.1859 eo_test: 0.1859
Epoch [30] Test set results: acc_test= 0.6432 acc_val: 0.6432 dp_val: 0.0517 dp_test: 0.0517 eo_val: 0.1859 eo_test: 0.1859
Epoch [40] Test set results: acc_test= 0.6432 acc_val: 0.6432 dp_val: 0.0517 dp_test: 0.0517 eo_val: 0.1859 eo_test: 0.1859
Epoch [50] Test set results: acc_test= 0.6432 acc_val: 0.6432 dp_val: 0.0517 dp_test: 0.0517 eo_val: 0.1859 eo_test: 0.1859
Epoch [60] Test set results: acc_test= 0.6432 acc_val: 0.6432 dp_val: 0.0517 dp_test: 0.0517 eo_val: 0.1859 eo_test: 0.1859
Epoch [70] Test set results: acc_test= 0.6432 acc_val: 0.6432 dp_val: 0.0517 dp_test: 0.0517 eo_val: 0.1859 eo_test: 0.1859
Epoch [80] Test set results: acc_test= 0.6432 acc_val: 0.6432 dp_val: 0.0517 dp_test: 0.0517 eo_val: 0.1859 eo_test: 0.1859
Epoch [90] Test set results: acc_test= 0.6385 acc_val: 0.6385 dp_val: 0.0452 dp_test: 0.0452 eo_val: 0.1738 eo_test: 0.1738
Epoch [100] Test set results: acc_test= 0.6385 acc_val: 0.6385 dp_val: 0.0452 dp_test: 0.0452 eo_val: 0.1738 eo_test: 0.1738
Epoch [110] Test set results: acc_test= 0.6385 acc_val: 0.6385 dp_val: 0.0452 dp_test: 0.0452 eo_val: 0.1738 eo_test: 0.1738
Epoch [120] Test set results: acc_test= 0.6385 acc_val: 0.6385 dp_val: 0.0452 dp_test: 0.0452 eo_val: 0.1738 eo_test: 0.1738
Epoch [130] Test set results: acc_test= 0.6385 acc_val: 0.6385 dp_val: 0.0452 dp_test: 0.0452 eo_val: 0.1738 eo_test: 0.1738
Epoch [140] Test set results: acc_test= 0.6385 acc_val: 0.6385 dp_val: 0.0452 dp_test: 0.0452 eo_val: 0.1738 eo_test: 0.1738
Epoch [150] Test set results: acc_test= 0.6385 acc_val: 0.6385 dp_val: 0.0452 dp_test: 0.0452 eo_val: 0.1738 eo_test: 0.1738
Epoch [160] Test set results: acc_test= 0.6385 acc_val: 0.6385 dp_val: 0.0452 dp_test: 0.0452 eo_val: 0.1738 eo_test: 0.1738
Epoch [170] Test set results: acc_test= 0.6385 acc_val: 0.6385 dp_val: 0.0452 dp_test: 0.0452 eo_val: 0.1738 eo_test: 0.1738
Epoch [180] Test set results: acc_test= 0.6385 acc_val: 0.6385 dp_val: 0.0452 dp_test: 0.0452 eo_val: 0.1738 eo_test: 0.1738
Epoch [190] Test set results: acc_test= 0.6385 acc_val: 0.6385 dp_val: 0.0452 dp_test: 0.0452 eo_val: 0.1738 eo_test: 0.1738
Epoch [200] Test set results: acc_test= 0.6385 acc_val: 0.6385 dp_val: 0.0452 dp_test: 0.0452 eo_val: 0.1738 eo_test: 0.1738
Epoch [210] Test set results: acc_test= 0.6385 acc_val: 0.6385 dp_val: 0.0452 dp_test: 0.0452 eo_val: 0.1738 eo_test: 0.1738
Epoch [220] Test set results: acc_test= 0.6385 acc_val: 0.6385 dp_val: 0.0452 dp_test: 0.0452 eo_val: 0.1738 eo_test: 0.1738
Epoch [230] Test set results: acc_test= 0.6385 acc_val: 0.6385 dp_val: 0.0452 dp_test: 0.0452 eo_val: 0.1738 eo_test: 0.1738
Epoch [240] Test set results: acc_test= 0.6432 acc_val: 0.6432 dp_val: 0.0283 dp_test: 0.0283 eo_val: 0.1381 eo_test: 0.1381
Epoch [250] Test set results: acc_test= 0.6432 acc_val: 0.6432 dp_val: 0.0283 dp_test: 0.0283 eo_val: 0.1381 eo_test: 0.1381
Epoch [260] Test set results: acc_test= 0.6432 acc_val: 0.6432 dp_val: 0.0283 dp_test: 0.0283 eo_val: 0.1381 eo_test: 0.1381
Epoch [270] Test set results: acc_test= 0.6432 acc_val: 0.6432 dp_val: 0.0283 dp_test: 0.0283 eo_val: 0.1381 eo_test: 0.1381
Epoch [280] Test set results: acc_test= 0.6385 acc_val: 0.6385 dp_val: 0.0348 dp_test: 0.0348 eo_val: 0.1381 eo_test: 0.1381
Epoch [290] Test set results: acc_test= 0.6432 acc_val: 0.6432 dp_val: 0.0178 dp_test: 0.0178 eo_val: 0.1024 eo_test: 0.1024
Epoch [300] Test set results: acc_test= 0.6385 acc_val: 0.6385 dp_val: 0.0009 dp_test: 0.0009 eo_val: 0.1024 eo_test: 0.1024
Epoch [310] Test set results: acc_test= 0.6385 acc_val: 0.6385 dp_val: 0.0009 dp_test: 0.0009 eo_val: 0.1024 eo_test: 0.1024
Epoch [320] Test set results: acc_test= 0.6385 acc_val: 0.6385 dp_val: 0.0009 dp_test: 0.0009 eo_val: 0.1024 eo_test: 0.1024
Epoch [330] Test set results: acc_test= 0.6385 acc_val: 0.6385 dp_val: 0.0009 dp_test: 0.0009 eo_val: 0.1024 eo_test: 0.1024
Epoch [340] Test set results: acc_test= 0.6385 acc_val: 0.6385 dp_val: 0.0009 dp_test: 0.0009 eo_val: 0.1024 eo_test: 0.1024
Epoch [350] Test set results: acc_test= 0.6385 acc_val: 0.6385 dp_val: 0.0009 dp_test: 0.0009 eo_val: 0.1024 eo_test: 0.1024
Epoch [360] Test set results: acc_test= 0.6385 acc_val: 0.6385 dp_val: 0.0009 dp_test: 0.0009 eo_val: 0.1024 eo_test: 0.1024
Epoch [370] Test set results: acc_test= 0.6385 acc_val: 0.6385 dp_val: 0.0009 dp_test: 0.0009 eo_val: 0.1024 eo_test: 0.1024
Epoch [380] Test set results: acc_test= 0.6385 acc_val: 0.6385 dp_val: 0.0009 dp_test: 0.0009 eo_val: 0.1024 eo_test: 0.1024
Epoch [390] Test set results: acc_test= 0.6385 acc_val: 0.6385 dp_val: 0.0009 dp_test: 0.0009 eo_val: 0.1024 eo_test: 0.1024
Epoch [400] Test set results: acc_test= 0.6385 acc_val: 0.6385 dp_val: 0.0009 dp_test: 0.0009 eo_val: 0.1024 eo_test: 0.1024
Epoch [410] Test set results: acc_test= 0.6385 acc_val: 0.6385 dp_val: 0.0009 dp_test: 0.0009 eo_val: 0.1024 eo_test: 0.1024
Epoch [420] Test set results: acc_test= 0.6338 acc_val: 0.6338 dp_val: 0.0056 dp_test: 0.0056 eo_val: 0.0904 eo_test: 0.0904
Epoch [430] Test set results: acc_test= 0.6338 acc_val: 0.6338 dp_val: 0.0056 dp_test: 0.0056 eo_val: 0.0904 eo_test: 0.0904
Epoch [440] Test set results: acc_test= 0.6338 acc_val: 0.6338 dp_val: 0.0056 dp_test: 0.0056 eo_val: 0.0904 eo_test: 0.0904
Epoch [450] Test set results: acc_test= 0.6338 acc_val: 0.6338 dp_val: 0.0056 dp_test: 0.0056 eo_val: 0.0904 eo_test: 0.0904
Epoch [460] Test set results: acc_test= 0.6338 acc_val: 0.6338 dp_val: 0.0056 dp_test: 0.0056 eo_val: 0.0904 eo_test: 0.0904
Epoch [470] Test set results: acc_test= 0.6385 acc_val: 0.6385 dp_val: 0.0121 dp_test: 0.0121 eo_val: 0.0904 eo_test: 0.0904
Epoch [480] Test set results: acc_test= 0.6385 acc_val: 0.6385 dp_val: 0.0121 dp_test: 0.0121 eo_val: 0.0904 eo_test: 0.0904
Epoch [490] Test set results: acc_test= 0.6385 acc_val: 0.6385 dp_val: 0.0121 dp_test: 0.0121 eo_val: 0.0904 eo_test: 0.0904
Optimization Finished!
Test results: acc_test= 0.6432 acc_val: 0.6432 dp_val: 0.0517 dp_test: 0.0517 eo_val: 0.1859 eo_test: 0.1859
Avg results: acc: 0.6347 std: 0.0322 dp: 0.0656 std: 0.0149 eo: 0.1491 std: 0.0721

JOB STATISTICS
==============
Job ID: 4868339
Cluster: snellius
User/Group: igardner/igardner
State: COMPLETED (exit code 0)
Nodes: 1
Cores per node: 18
CPU Utilized: 00:01:18
CPU Efficiency: 11.11% of 00:11:42 core-walltime
Job Wall-clock time: 00:00:39
Memory Utilized: 1.21 MB
Memory Efficiency: 0.00% of 120.00 GB
